
9월 06, 2018 09:20:05.53 NEW SESSION
9월 06, 2018 09:20:05.53 Unable to read VR Path Registry from C:\Users\bon320-14\AppData\Local\openvr\openvrpaths.vrpath
9월 06, 2018 09:27:53.22 [928:6604:0906/092753.229:ERROR:audio_manager_base.cc(361)] Invalid audio output parameters received; using fake audio path: format: 0 channel_layout: 0 channels: 0 sample_rate: 0 frames_per_buffer: 0 effects: 0 mic_positions: 
9월 06, 2018 09:28:08.38 [928:6604:0906/092808.386:ERROR:audio_manager_base.cc(361)] Invalid audio output parameters received; using fake audio path: format: 0 channel_layout: 0 channels: 0 sample_rate: 0 frames_per_buffer: 0 effects: 0 mic_positions: 
9월 06, 2018 09:37:55.96 [928:6604:0906/093755.964:ERROR:audio_manager_base.cc(361)] Invalid audio output parameters received; using fake audio path: format: 0 channel_layout: 0 channels: 0 sample_rate: 0 frames_per_buffer: 0 effects: 0 mic_positions: 
9월 06, 2018 11:12:41.92 [928:6604:0906/111241.928:ERROR:audio_manager_base.cc(361)] Invalid audio output parameters received; using fake audio path: format: 0 channel_layout: 0 channels: 0 sample_rate: 0 frames_per_buffer: 0 effects: 0 mic_positions: 
9월 06, 2018 11:12:41.98 [928:6604:0906/111241.989:ERROR:audio_manager_base.cc(361)] Invalid audio output parameters received; using fake audio path: format: 0 channel_layout: 0 channels: 0 sample_rate: 0 frames_per_buffer: 0 effects: 0 mic_positions: 
9월 06, 2018 11:12:42.22 [928:6604:0906/111242.220:ERROR:audio_manager_base.cc(361)] Invalid audio output parameters received; using fake audio path: format: 0 channel_layout: 0 channels: 0 sample_rate: 0 frames_per_buffer: 0 effects: 0 mic_positions: 

9월 12, 2018 13:39:05.30 NEW SESSION
9월 12, 2018 13:39:05.30 [10816:4588:0912/133905.275:ERROR:in_progress_cache_impl.cc(192)] Cache is not initialized, cannot RetrieveEntry.
9월 12, 2018 13:39:05.30 [10816:4588:0912/133905.275:ERROR:in_progress_cache_impl.cc(192)] Cache is not initialized, cannot RetrieveEntry.
9월 12, 2018 13:39:05.30 [10816:4588:0912/133905.275:ERROR:in_progress_cache_impl.cc(192)] Cache is not initialized, cannot RetrieveEntry.
9월 12, 2018 13:39:05.30 [10816:4588:0912/133905.275:ERROR:in_progress_cache_impl.cc(192)] Cache is not initialized, cannot RetrieveEntry.
9월 12, 2018 13:39:05.30 [10816:4588:0912/133905.275:ERROR:in_progress_cache_impl.cc(192)] Cache is not initialized, cannot RetrieveEntry.
9월 12, 2018 13:39:05.30 [10816:4588:0912/133905.275:ERROR:in_progress_cache_impl.cc(192)] Cache is not initialized, cannot RetrieveEntry.
9월 12, 2018 13:39:05.30 [10816:4588:0912/133905.275:ERROR:in_progress_cache_impl.cc(192)] Cache is not initialized, cannot RetrieveEntry.
9월 12, 2018 13:39:05.30 [10816:4588:0912/133905.275:ERROR:in_progress_cache_impl.cc(192)] Cache is not initialized, cannot RetrieveEntry.
9월 12, 2018 13:39:05.30 [10816:4588:0912/133905.275:ERROR:in_progress_cache_impl.cc(192)] Cache is not initialized, cannot RetrieveEntry.
9월 12, 2018 13:39:05.30 [10816:4588:0912/133905.275:ERROR:in_progress_cache_impl.cc(192)] Cache is not initialized, cannot RetrieveEntry.
9월 12, 2018 13:39:05.30 [10816:4588:0912/133905.275:ERROR:in_progress_cache_impl.cc(192)] Cache is not initialized, cannot RetrieveEntry.
9월 12, 2018 13:39:05.30 [10816:4588:0912/133905.275:ERROR:in_progress_cache_impl.cc(192)] Cache is not initialized, cannot RetrieveEntry.
9월 12, 2018 13:39:05.30 [10816:4588:0912/133905.275:ERROR:in_progress_cache_impl.cc(192)] Cache is not initialized, cannot RetrieveEntry.
9월 12, 2018 13:39:05.30 [10816:4588:0912/133905.275:ERROR:in_progress_cache_impl.cc(192)] Cache is not initialized, cannot RetrieveEntry.
9월 12, 2018 13:39:05.30 [10816:4588:0912/133905.275:ERROR:in_progress_cache_impl.cc(192)] Cache is not initialized, cannot RetrieveEntry.
9월 12, 2018 13:39:05.30 [10816:4588:0912/133905.275:ERROR:in_progress_cache_impl.cc(192)] Cache is not initialized, cannot RetrieveEntry.
9월 12, 2018 13:39:05.30 [10816:4588:0912/133905.275:ERROR:in_progress_cache_impl.cc(192)] Cache is not initialized, cannot RetrieveEntry.
9월 12, 2018 13:39:05.32 [10816:4588:0912/133905.275:ERROR:in_progress_cache_impl.cc(192)] Cache is not initialized, cannot RetrieveEntry.
9월 12, 2018 13:39:05.32 [10816:4588:0912/133905.275:ERROR:in_progress_cache_impl.cc(192)] Cache is not initialized, cannot RetrieveEntry.
9월 12, 2018 13:39:05.32 [10816:4588:0912/133905.275:ERROR:in_progress_cache_impl.cc(192)] Cache is not initialized, cannot RetrieveEntry.
9월 12, 2018 13:39:05.32 [10816:4588:0912/133905.275:ERROR:in_progress_cache_impl.cc(192)] Cache is not initialized, cannot RetrieveEntry.
9월 12, 2018 13:39:05.32 [10816:4588:0912/133905.275:ERROR:in_progress_cache_impl.cc(192)] Cache is not initialized, cannot RetrieveEntry.
9월 12, 2018 13:39:05.32 [10816:4588:0912/133905.275:ERROR:in_progress_cache_impl.cc(192)] Cache is not initialized, cannot RetrieveEntry.
9월 12, 2018 14:00:48.01 [10816:7356:0912/140048.011:ERROR:audio_manager_base.cc(366)] Invalid audio output parameters received; using fake audio path: format: 0 channel_layout: 0 channels: 0 sample_rate: 0 frames_per_buffer: 0 effects: 0 mic_positions: 

9월 13, 2018 10:24:05.48 NEW SESSION
9월 13, 2018 10:24:05.48 [7152:2772:0913/102405.474:ERROR:in_progress_cache_impl.cc(192)] Cache is not initialized, cannot RetrieveEntry.
9월 13, 2018 10:24:05.49 [7152:2772:0913/102405.474:ERROR:in_progress_cache_impl.cc(192)] Cache is not initialized, cannot RetrieveEntry.
9월 13, 2018 10:24:05.49 [7152:2772:0913/102405.475:ERROR:in_progress_cache_impl.cc(192)] Cache is not initialized, cannot RetrieveEntry.
9월 13, 2018 10:24:05.49 [7152:2772:0913/102405.475:ERROR:in_progress_cache_impl.cc(192)] Cache is not initialized, cannot RetrieveEntry.
9월 13, 2018 10:24:05.49 [7152:2772:0913/102405.475:ERROR:in_progress_cache_impl.cc(192)] Cache is not initialized, cannot RetrieveEntry.
9월 13, 2018 10:24:05.50 [7152:2772:0913/102405.475:ERROR:in_progress_cache_impl.cc(192)] Cache is not initialized, cannot RetrieveEntry.
9월 13, 2018 10:24:05.50 [7152:2772:0913/102405.475:ERROR:in_progress_cache_impl.cc(192)] Cache is not initialized, cannot RetrieveEntry.
9월 13, 2018 10:24:05.50 [7152:2772:0913/102405.475:ERROR:in_progress_cache_impl.cc(192)] Cache is not initialized, cannot RetrieveEntry.
9월 13, 2018 10:24:05.50 [7152:2772:0913/102405.475:ERROR:in_progress_cache_impl.cc(192)] Cache is not initialized, cannot RetrieveEntry.
9월 13, 2018 10:24:05.50 [7152:2772:0913/102405.475:ERROR:in_progress_cache_impl.cc(192)] Cache is not initialized, cannot RetrieveEntry.
9월 13, 2018 10:24:05.50 [7152:2772:0913/102405.475:ERROR:in_progress_cache_impl.cc(192)] Cache is not initialized, cannot RetrieveEntry.
9월 13, 2018 10:24:05.50 [7152:2772:0913/102405.475:ERROR:in_progress_cache_impl.cc(192)] Cache is not initialized, cannot RetrieveEntry.
9월 13, 2018 10:24:05.50 [7152:2772:0913/102405.475:ERROR:in_progress_cache_impl.cc(192)] Cache is not initialized, cannot RetrieveEntry.
9월 13, 2018 10:24:05.51 [7152:2772:0913/102405.475:ERROR:in_progress_cache_impl.cc(192)] Cache is not initialized, cannot RetrieveEntry.
9월 13, 2018 10:24:05.51 [7152:2772:0913/102405.475:ERROR:in_progress_cache_impl.cc(192)] Cache is not initialized, cannot RetrieveEntry.
9월 13, 2018 10:24:05.51 [7152:2772:0913/102405.475:ERROR:in_progress_cache_impl.cc(192)] Cache is not initialized, cannot RetrieveEntry.
9월 13, 2018 10:24:05.51 [7152:2772:0913/102405.475:ERROR:in_progress_cache_impl.cc(192)] Cache is not initialized, cannot RetrieveEntry.
9월 13, 2018 10:24:05.51 [7152:2772:0913/102405.475:ERROR:in_progress_cache_impl.cc(192)] Cache is not initialized, cannot RetrieveEntry.
9월 13, 2018 10:24:05.51 [7152:2772:0913/102405.475:ERROR:in_progress_cache_impl.cc(192)] Cache is not initialized, cannot RetrieveEntry.
9월 13, 2018 10:24:05.51 [7152:2772:0913/102405.475:ERROR:in_progress_cache_impl.cc(192)] Cache is not initialized, cannot RetrieveEntry.
9월 13, 2018 10:24:05.51 [7152:2772:0913/102405.475:ERROR:in_progress_cache_impl.cc(192)] Cache is not initialized, cannot RetrieveEntry.
9월 13, 2018 10:24:05.51 [7152:2772:0913/102405.475:ERROR:in_progress_cache_impl.cc(192)] Cache is not initialized, cannot RetrieveEntry.
9월 13, 2018 10:24:05.51 [7152:2772:0913/102405.475:ERROR:in_progress_cache_impl.cc(192)] Cache is not initialized, cannot RetrieveEntry.

9월 20, 2018 18:09:14.38 NEW SESSION
9월 20, 2018 18:09:14.38 [2024:12840:0920/180914.372:ERROR:in_progress_cache_impl.cc(192)] Cache is not initialized, cannot RetrieveEntry.
9월 20, 2018 18:09:14.38 [2024:12840:0920/180914.372:ERROR:in_progress_cache_impl.cc(192)] Cache is not initialized, cannot RetrieveEntry.
9월 20, 2018 18:09:14.38 [2024:12840:0920/180914.372:ERROR:in_progress_cache_impl.cc(192)] Cache is not initialized, cannot RetrieveEntry.
9월 20, 2018 18:09:14.39 [2024:12840:0920/180914.372:ERROR:in_progress_cache_impl.cc(192)] Cache is not initialized, cannot RetrieveEntry.
9월 20, 2018 18:09:14.39 [2024:12840:0920/180914.372:ERROR:in_progress_cache_impl.cc(192)] Cache is not initialized, cannot RetrieveEntry.
9월 20, 2018 18:09:14.39 [2024:12840:0920/180914.372:ERROR:in_progress_cache_impl.cc(192)] Cache is not initialized, cannot RetrieveEntry.
9월 20, 2018 18:09:14.39 [2024:12840:0920/180914.372:ERROR:in_progress_cache_impl.cc(192)] Cache is not initialized, cannot RetrieveEntry.
9월 20, 2018 18:09:14.39 [2024:12840:0920/180914.372:ERROR:in_progress_cache_impl.cc(192)] Cache is not initialized, cannot RetrieveEntry.
9월 20, 2018 18:09:14.39 [2024:12840:0920/180914.372:ERROR:in_progress_cache_impl.cc(192)] Cache is not initialized, cannot RetrieveEntry.
9월 20, 2018 18:09:14.39 [2024:12840:0920/180914.372:ERROR:in_progress_cache_impl.cc(192)] Cache is not initialized, cannot RetrieveEntry.
9월 20, 2018 18:09:14.40 [2024:12840:0920/180914.372:ERROR:in_progress_cache_impl.cc(192)] Cache is not initialized, cannot RetrieveEntry.
9월 20, 2018 18:09:14.40 [2024:12840:0920/180914.372:ERROR:in_progress_cache_impl.cc(192)] Cache is not initialized, cannot RetrieveEntry.
9월 20, 2018 18:09:14.40 [2024:12840:0920/180914.372:ERROR:in_progress_cache_impl.cc(192)] Cache is not initialized, cannot RetrieveEntry.
9월 20, 2018 18:09:14.40 [2024:12840:0920/180914.372:ERROR:in_progress_cache_impl.cc(192)] Cache is not initialized, cannot RetrieveEntry.
9월 20, 2018 18:09:14.40 [2024:12840:0920/180914.372:ERROR:in_progress_cache_impl.cc(192)] Cache is not initialized, cannot RetrieveEntry.
9월 20, 2018 18:09:14.40 [2024:12840:0920/180914.372:ERROR:in_progress_cache_impl.cc(192)] Cache is not initialized, cannot RetrieveEntry.
9월 20, 2018 18:09:14.40 [2024:12840:0920/180914.372:ERROR:in_progress_cache_impl.cc(192)] Cache is not initialized, cannot RetrieveEntry.
9월 20, 2018 18:09:14.40 [2024:12840:0920/180914.372:ERROR:in_progress_cache_impl.cc(192)] Cache is not initialized, cannot RetrieveEntry.
9월 20, 2018 18:09:14.40 [2024:12840:0920/180914.372:ERROR:in_progress_cache_impl.cc(192)] Cache is not initialized, cannot RetrieveEntry.
9월 20, 2018 18:09:14.40 [2024:12840:0920/180914.372:ERROR:in_progress_cache_impl.cc(192)] Cache is not initialized, cannot RetrieveEntry.
9월 20, 2018 18:09:14.41 [2024:12840:0920/180914.373:ERROR:in_progress_cache_impl.cc(192)] Cache is not initialized, cannot RetrieveEntry.
9월 20, 2018 18:09:14.41 [2024:12840:0920/180914.373:ERROR:in_progress_cache_impl.cc(192)] Cache is not initialized, cannot RetrieveEntry.
9월 20, 2018 18:09:14.41 [2024:12840:0920/180914.373:ERROR:in_progress_cache_impl.cc(192)] Cache is not initialized, cannot RetrieveEntry.
9월 20, 2018 18:09:14.41 [2024:12840:0920/180914.373:ERROR:in_progress_cache_impl.cc(192)] Cache is not initialized, cannot RetrieveEntry.
9월 20, 2018 18:09:14.41 [2024:12840:0920/180914.373:ERROR:in_progress_cache_impl.cc(192)] Cache is not initialized, cannot RetrieveEntry.
9월 20, 2018 18:09:14.41 [2024:12840:0920/180914.373:ERROR:in_progress_cache_impl.cc(192)] Cache is not initialized, cannot RetrieveEntry.
9월 20, 2018 18:09:14.41 [2024:12840:0920/180914.373:ERROR:in_progress_cache_impl.cc(192)] Cache is not initialized, cannot RetrieveEntry.
9월 20, 2018 18:09:14.41 [2024:12840:0920/180914.373:ERROR:in_progress_cache_impl.cc(192)] Cache is not initialized, cannot RetrieveEntry.
9월 20, 2018 18:09:14.41 [2024:12840:0920/180914.373:ERROR:in_progress_cache_impl.cc(192)] Cache is not initialized, cannot RetrieveEntry.
9월 20, 2018 18:09:14.41 [2024:12840:0920/180914.373:ERROR:in_progress_cache_impl.cc(192)] Cache is not initialized, cannot RetrieveEntry.
9월 20, 2018 18:09:14.42 [2024:12840:0920/180914.373:ERROR:in_progress_cache_impl.cc(192)] Cache is not initialized, cannot RetrieveEntry.
9월 20, 2018 18:09:14.43 [2024:12840:0920/180914.373:ERROR:in_progress_cache_impl.cc(192)] Cache is not initialized, cannot RetrieveEntry.
9월 20, 2018 18:09:14.43 [2024:12840:0920/180914.373:ERROR:in_progress_cache_impl.cc(192)] Cache is not initialized, cannot RetrieveEntry.
9월 20, 2018 18:09:14.43 [2024:12840:0920/180914.373:ERROR:in_progress_cache_impl.cc(192)] Cache is not initialized, cannot RetrieveEntry.
9월 20, 2018 18:09:14.43 [2024:12840:0920/180914.373:ERROR:in_progress_cache_impl.cc(192)] Cache is not initialized, cannot RetrieveEntry.
9월 20, 2018 18:09:14.44 [2024:12840:0920/180914.373:ERROR:in_progress_cache_impl.cc(192)] Cache is not initialized, cannot RetrieveEntry.
9월 20, 2018 18:09:14.44 [2024:12840:0920/180914.373:ERROR:in_progress_cache_impl.cc(192)] Cache is not initialized, cannot RetrieveEntry.
9월 20, 2018 18:09:14.44 [2024:12840:0920/180914.386:ERROR:in_progress_cache_impl.cc(192)] Cache is not initialized, cannot RetrieveEntry.
9월 20, 2018 18:09:14.44 [2024:12840:0920/180914.386:ERROR:in_progress_cache_impl.cc(192)] Cache is not initialized, cannot RetrieveEntry.
9월 20, 2018 18:09:14.45 [2024:12840:0920/180914.386:ERROR:in_progress_cache_impl.cc(192)] Cache is not initialized, cannot RetrieveEntry.
9월 20, 2018 18:09:14.45 [2024:12840:0920/180914.386:ERROR:in_progress_cache_impl.cc(192)] Cache is not initialized, cannot RetrieveEntry.
9월 20, 2018 18:09:14.45 [2024:12840:0920/180914.386:ERROR:in_progress_cache_impl.cc(192)] Cache is not initialized, cannot RetrieveEntry.
9월 20, 2018 18:09:14.45 [2024:12840:0920/180914.386:ERROR:in_progress_cache_impl.cc(192)] Cache is not initialized, cannot RetrieveEntry.
9월 20, 2018 18:09:14.45 [2024:12840:0920/180914.386:ERROR:in_progress_cache_impl.cc(192)] Cache is not initialized, cannot RetrieveEntry.
9월 20, 2018 18:09:14.45 [2024:12840:0920/180914.386:ERROR:in_progress_cache_impl.cc(192)] Cache is not initialized, cannot RetrieveEntry.
9월 20, 2018 18:09:14.45 [2024:12840:0920/180914.386:ERROR:in_progress_cache_impl.cc(192)] Cache is not initialized, cannot RetrieveEntry.
9월 20, 2018 18:09:14.45 [2024:12840:0920/180914.386:ERROR:in_progress_cache_impl.cc(192)] Cache is not initialized, cannot RetrieveEntry.
9월 20, 2018 18:09:14.45 [2024:12840:0920/180914.386:ERROR:in_progress_cache_impl.cc(192)] Cache is not initialized, cannot RetrieveEntry.
9월 20, 2018 18:09:14.46 [2024:12840:0920/180914.386:ERROR:in_progress_cache_impl.cc(192)] Cache is not initialized, cannot RetrieveEntry.

10월 05, 2018 18:05:00.09 NEW SESSION
10월 05, 2018 18:05:00.09 [4732:11956:1005/180500.064:ERROR:in_progress_cache_impl.cc(192)] Cache is not initialized, cannot RetrieveEntry.
10월 05, 2018 18:05:00.09 [4732:11956:1005/180500.064:ERROR:in_progress_cache_impl.cc(192)] Cache is not initialized, cannot RetrieveEntry.
10월 05, 2018 18:05:00.09 [4732:11956:1005/180500.064:ERROR:in_progress_cache_impl.cc(192)] Cache is not initialized, cannot RetrieveEntry.
10월 05, 2018 18:05:00.09 [4732:11956:1005/180500.064:ERROR:in_progress_cache_impl.cc(192)] Cache is not initialized, cannot RetrieveEntry.
10월 05, 2018 18:05:00.09 [4732:11956:1005/180500.064:ERROR:in_progress_cache_impl.cc(192)] Cache is not initialized, cannot RetrieveEntry.
10월 05, 2018 18:05:00.11 [4732:11956:1005/180500.064:ERROR:in_progress_cache_impl.cc(192)] Cache is not initialized, cannot RetrieveEntry.
10월 05, 2018 18:05:00.11 [4732:11956:1005/180500.064:ERROR:in_progress_cache_impl.cc(192)] Cache is not initialized, cannot RetrieveEntry.
10월 05, 2018 18:05:00.11 [4732:11956:1005/180500.064:ERROR:in_progress_cache_impl.cc(192)] Cache is not initialized, cannot RetrieveEntry.
10월 05, 2018 18:05:00.11 [4732:11956:1005/180500.064:ERROR:in_progress_cache_impl.cc(192)] Cache is not initialized, cannot RetrieveEntry.
10월 05, 2018 18:05:00.11 [4732:11956:1005/180500.064:ERROR:in_progress_cache_impl.cc(192)] Cache is not initialized, cannot RetrieveEntry.
10월 05, 2018 18:05:00.11 [4732:11956:1005/180500.064:ERROR:in_progress_cache_impl.cc(192)] Cache is not initialized, cannot RetrieveEntry.
10월 05, 2018 18:05:00.11 [4732:11956:1005/180500.064:ERROR:in_progress_cache_impl.cc(192)] Cache is not initialized, cannot RetrieveEntry.
10월 05, 2018 18:05:00.11 [4732:11956:1005/180500.064:ERROR:in_progress_cache_impl.cc(192)] Cache is not initialized, cannot RetrieveEntry.
10월 05, 2018 18:05:00.11 [4732:11956:1005/180500.064:ERROR:in_progress_cache_impl.cc(192)] Cache is not initialized, cannot RetrieveEntry.
10월 05, 2018 18:05:00.11 [4732:11956:1005/180500.064:ERROR:in_progress_cache_impl.cc(192)] Cache is not initialized, cannot RetrieveEntry.
10월 05, 2018 18:05:00.11 [4732:11956:1005/180500.064:ERROR:in_progress_cache_impl.cc(192)] Cache is not initialized, cannot RetrieveEntry.
10월 05, 2018 18:05:00.11 [4732:11956:1005/180500.064:ERROR:in_progress_cache_impl.cc(192)] Cache is not initialized, cannot RetrieveEntry.
10월 05, 2018 18:05:00.11 [4732:11956:1005/180500.064:ERROR:in_progress_cache_impl.cc(192)] Cache is not initialized, cannot RetrieveEntry.
10월 05, 2018 18:05:00.12 [4732:11956:1005/180500.064:ERROR:in_progress_cache_impl.cc(192)] Cache is not initialized, cannot RetrieveEntry.
10월 05, 2018 18:05:00.12 [4732:11956:1005/180500.064:ERROR:in_progress_cache_impl.cc(192)] Cache is not initialized, cannot RetrieveEntry.
10월 05, 2018 18:05:00.12 [4732:11956:1005/180500.064:ERROR:in_progress_cache_impl.cc(192)] Cache is not initialized, cannot RetrieveEntry.
10월 05, 2018 18:05:00.12 [4732:11956:1005/180500.064:ERROR:in_progress_cache_impl.cc(192)] Cache is not initialized, cannot RetrieveEntry.
10월 05, 2018 18:05:00.12 [4732:11956:1005/180500.064:ERROR:in_progress_cache_impl.cc(192)] Cache is not initialized, cannot RetrieveEntry.
10월 05, 2018 18:05:00.13 [4732:11956:1005/180500.064:ERROR:in_progress_cache_impl.cc(192)] Cache is not initialized, cannot RetrieveEntry.
10월 05, 2018 18:05:00.13 [4732:11956:1005/180500.064:ERROR:in_progress_cache_impl.cc(192)] Cache is not initialized, cannot RetrieveEntry.
10월 05, 2018 18:05:00.13 [4732:11956:1005/180500.064:ERROR:in_progress_cache_impl.cc(192)] Cache is not initialized, cannot RetrieveEntry.
10월 05, 2018 18:05:00.13 [4732:11956:1005/180500.064:ERROR:in_progress_cache_impl.cc(192)] Cache is not initialized, cannot RetrieveEntry.
10월 05, 2018 18:05:00.13 [4732:11956:1005/180500.064:ERROR:in_progress_cache_impl.cc(192)] Cache is not initialized, cannot RetrieveEntry.
10월 05, 2018 18:05:00.14 [4732:11956:1005/180500.064:ERROR:in_progress_cache_impl.cc(192)] Cache is not initialized, cannot RetrieveEntry.
10월 05, 2018 18:05:00.14 [4732:11956:1005/180500.064:ERROR:in_progress_cache_impl.cc(192)] Cache is not initialized, cannot RetrieveEntry.
10월 05, 2018 18:05:00.14 [4732:11956:1005/180500.064:ERROR:in_progress_cache_impl.cc(192)] Cache is not initialized, cannot RetrieveEntry.
10월 05, 2018 18:05:00.14 [4732:11956:1005/180500.064:ERROR:in_progress_cache_impl.cc(192)] Cache is not initialized, cannot RetrieveEntry.
10월 05, 2018 18:05:00.14 [4732:11956:1005/180500.064:ERROR:in_progress_cache_impl.cc(192)] Cache is not initialized, cannot RetrieveEntry.
10월 05, 2018 18:05:00.14 [4732:11956:1005/180500.064:ERROR:in_progress_cache_impl.cc(192)] Cache is not initialized, cannot RetrieveEntry.
10월 05, 2018 18:05:00.14 [4732:11956:1005/180500.064:ERROR:in_progress_cache_impl.cc(192)] Cache is not initialized, cannot RetrieveEntry.
10월 05, 2018 18:05:00.14 [4732:11956:1005/180500.064:ERROR:in_progress_cache_impl.cc(192)] Cache is not initialized, cannot RetrieveEntry.
10월 05, 2018 18:05:00.15 [4732:11956:1005/180500.064:ERROR:in_progress_cache_impl.cc(192)] Cache is not initialized, cannot RetrieveEntry.
10월 05, 2018 18:05:00.15 [4732:11956:1005/180500.096:ERROR:in_progress_cache_impl.cc(192)] Cache is not initialized, cannot RetrieveEntry.
10월 05, 2018 18:05:00.15 [4732:11956:1005/180500.096:ERROR:in_progress_cache_impl.cc(192)] Cache is not initialized, cannot RetrieveEntry.
10월 05, 2018 18:05:00.15 [4732:11956:1005/180500.096:ERROR:in_progress_cache_impl.cc(192)] Cache is not initialized, cannot RetrieveEntry.
10월 05, 2018 18:05:00.15 [4732:11956:1005/180500.096:ERROR:in_progress_cache_impl.cc(192)] Cache is not initialized, cannot RetrieveEntry.
10월 05, 2018 18:05:00.16 [4732:11956:1005/180500.096:ERROR:in_progress_cache_impl.cc(192)] Cache is not initialized, cannot RetrieveEntry.
10월 05, 2018 18:05:00.16 [4732:11956:1005/180500.096:ERROR:in_progress_cache_impl.cc(192)] Cache is not initialized, cannot RetrieveEntry.
10월 05, 2018 18:05:00.16 [4732:11956:1005/180500.096:ERROR:in_progress_cache_impl.cc(192)] Cache is not initialized, cannot RetrieveEntry.
10월 05, 2018 18:05:00.16 [4732:11956:1005/180500.096:ERROR:in_progress_cache_impl.cc(192)] Cache is not initialized, cannot RetrieveEntry.
10월 05, 2018 18:05:00.16 [4732:11956:1005/180500.096:ERROR:in_progress_cache_impl.cc(192)] Cache is not initialized, cannot RetrieveEntry.
10월 05, 2018 18:05:00.16 [4732:11956:1005/180500.096:ERROR:in_progress_cache_impl.cc(192)] Cache is not initialized, cannot RetrieveEntry.
10월 05, 2018 18:05:00.16 [4732:11956:1005/180500.096:ERROR:in_progress_cache_impl.cc(192)] Cache is not initialized, cannot RetrieveEntry.
10월 05, 2018 18:05:00.17 [4732:11956:1005/180500.096:ERROR:in_progress_cache_impl.cc(192)] Cache is not initialized, cannot RetrieveEntry.
10월 05, 2018 18:05:00.17 [4732:11956:1005/180500.096:ERROR:in_progress_cache_impl.cc(192)] Cache is not initialized, cannot RetrieveEntry.
10월 05, 2018 18:05:00.17 [4732:11956:1005/180500.096:ERROR:in_progress_cache_impl.cc(192)] Cache is not initialized, cannot RetrieveEntry.
10월 05, 2018 18:05:00.17 [4732:11956:1005/180500.096:ERROR:in_progress_cache_impl.cc(192)] Cache is not initialized, cannot RetrieveEntry.
10월 05, 2018 18:05:00.17 [4732:11956:1005/180500.096:ERROR:in_progress_cache_impl.cc(192)] Cache is not initialized, cannot RetrieveEntry.
10월 05, 2018 18:05:00.17 [4732:11956:1005/180500.096:ERROR:in_progress_cache_impl.cc(192)] Cache is not initialized, cannot RetrieveEntry.
10월 05, 2018 18:05:00.18 [4732:11956:1005/180500.096:ERROR:in_progress_cache_impl.cc(192)] Cache is not initialized, cannot RetrieveEntry.
10월 05, 2018 18:05:00.18 [4732:11956:1005/180500.096:ERROR:in_progress_cache_impl.cc(192)] Cache is not initialized, cannot RetrieveEntry.
10월 05, 2018 18:05:00.18 [4732:11956:1005/180500.096:ERROR:in_progress_cache_impl.cc(192)] Cache is not initialized, cannot RetrieveEntry.
10월 05, 2018 18:05:00.18 [4732:11956:1005/180500.096:ERROR:in_progress_cache_impl.cc(192)] Cache is not initialized, cannot RetrieveEntry.
10월 05, 2018 18:54:15.28 [1428:10644:1005/185415.286:ERROR:audio_manager_base.cc(366)] Invalid audio output parameters received; using fake audio path: format: 0 channel_layout: 0 channels: 0 sample_rate: 0 frames_per_buffer: 0 effects: 0 mic_positions: 
10월 05, 2018 19:14:18.68 [1428:10644:1005/191418.689:ERROR:audio_manager_base.cc(366)] Invalid audio output parameters received; using fake audio path: format: 0 channel_layout: 0 channels: 0 sample_rate: 0 frames_per_buffer: 0 effects: 0 mic_positions: 
10월 05, 2018 19:14:18.74 [1428:10644:1005/191418.741:ERROR:audio_manager_base.cc(366)] Invalid audio output parameters received; using fake audio path: format: 0 channel_layout: 0 channels: 0 sample_rate: 0 frames_per_buffer: 0 effects: 0 mic_positions: 

10월 11, 2018 09:38:23.14 NEW SESSION
10월 11, 2018 09:38:23.14 [7280:3460:1011/093823.140:ERROR:in_progress_cache_impl.cc(192)] Cache is not initialized, cannot RetrieveEntry.
10월 11, 2018 09:38:23.18 [7280:3460:1011/093823.140:ERROR:in_progress_cache_impl.cc(192)] Cache is not initialized, cannot RetrieveEntry.
10월 11, 2018 09:38:23.18 [7280:3460:1011/093823.140:ERROR:in_progress_cache_impl.cc(192)] Cache is not initialized, cannot RetrieveEntry.
10월 11, 2018 09:38:23.18 [7280:3460:1011/093823.140:ERROR:in_progress_cache_impl.cc(192)] Cache is not initialized, cannot RetrieveEntry.
10월 11, 2018 09:38:23.18 [7280:3460:1011/093823.140:ERROR:in_progress_cache_impl.cc(192)] Cache is not initialized, cannot RetrieveEntry.
10월 11, 2018 09:38:23.18 [7280:3460:1011/093823.140:ERROR:in_progress_cache_impl.cc(192)] Cache is not initialized, cannot RetrieveEntry.
10월 11, 2018 09:38:23.18 [7280:3460:1011/093823.140:ERROR:in_progress_cache_impl.cc(192)] Cache is not initialized, cannot RetrieveEntry.
10월 11, 2018 09:38:23.20 [7280:3460:1011/093823.140:ERROR:in_progress_cache_impl.cc(192)] Cache is not initialized, cannot RetrieveEntry.
10월 11, 2018 09:38:23.20 [7280:3460:1011/093823.140:ERROR:in_progress_cache_impl.cc(192)] Cache is not initialized, cannot RetrieveEntry.
10월 11, 2018 09:38:23.20 [7280:3460:1011/093823.140:ERROR:in_progress_cache_impl.cc(192)] Cache is not initialized, cannot RetrieveEntry.
10월 11, 2018 09:38:23.20 [7280:3460:1011/093823.140:ERROR:in_progress_cache_impl.cc(192)] Cache is not initialized, cannot RetrieveEntry.
10월 11, 2018 09:38:23.20 [7280:3460:1011/093823.140:ERROR:in_progress_cache_impl.cc(192)] Cache is not initialized, cannot RetrieveEntry.
10월 11, 2018 09:38:23.20 [7280:3460:1011/093823.140:ERROR:in_progress_cache_impl.cc(192)] Cache is not initialized, cannot RetrieveEntry.
10월 11, 2018 09:38:23.20 [7280:3460:1011/093823.140:ERROR:in_progress_cache_impl.cc(192)] Cache is not initialized, cannot RetrieveEntry.
10월 11, 2018 09:38:23.20 [7280:3460:1011/093823.140:ERROR:in_progress_cache_impl.cc(192)] Cache is not initialized, cannot RetrieveEntry.
10월 11, 2018 09:38:23.20 [7280:3460:1011/093823.140:ERROR:in_progress_cache_impl.cc(192)] Cache is not initialized, cannot RetrieveEntry.
10월 11, 2018 09:38:23.20 [7280:3460:1011/093823.140:ERROR:in_progress_cache_impl.cc(192)] Cache is not initialized, cannot RetrieveEntry.
10월 11, 2018 09:38:23.20 [7280:3460:1011/093823.140:ERROR:in_progress_cache_impl.cc(192)] Cache is not initialized, cannot RetrieveEntry.
10월 11, 2018 09:38:23.20 [7280:3460:1011/093823.140:ERROR:in_progress_cache_impl.cc(192)] Cache is not initialized, cannot RetrieveEntry.
10월 11, 2018 09:38:23.20 [7280:3460:1011/093823.140:ERROR:in_progress_cache_impl.cc(192)] Cache is not initialized, cannot RetrieveEntry.
10월 11, 2018 09:38:23.21 [7280:3460:1011/093823.140:ERROR:in_progress_cache_impl.cc(192)] Cache is not initialized, cannot RetrieveEntry.
10월 11, 2018 09:38:23.21 [7280:3460:1011/093823.140:ERROR:in_progress_cache_impl.cc(192)] Cache is not initialized, cannot RetrieveEntry.
10월 11, 2018 09:38:23.21 [7280:3460:1011/093823.140:ERROR:in_progress_cache_impl.cc(192)] Cache is not initialized, cannot RetrieveEntry.
10월 11, 2018 09:38:23.21 [7280:3460:1011/093823.140:ERROR:in_progress_cache_impl.cc(192)] Cache is not initialized, cannot RetrieveEntry.
10월 11, 2018 09:38:23.21 [7280:3460:1011/093823.140:ERROR:in_progress_cache_impl.cc(192)] Cache is not initialized, cannot RetrieveEntry.
10월 11, 2018 09:38:23.21 [7280:3460:1011/093823.140:ERROR:in_progress_cache_impl.cc(192)] Cache is not initialized, cannot RetrieveEntry.
10월 11, 2018 09:38:23.21 [7280:3460:1011/093823.140:ERROR:in_progress_cache_impl.cc(192)] Cache is not initialized, cannot RetrieveEntry.
10월 11, 2018 09:38:23.21 [7280:3460:1011/093823.140:ERROR:in_progress_cache_impl.cc(192)] Cache is not initialized, cannot RetrieveEntry.
10월 11, 2018 09:38:23.21 [7280:3460:1011/093823.140:ERROR:in_progress_cache_impl.cc(192)] Cache is not initialized, cannot RetrieveEntry.
10월 11, 2018 09:38:23.21 [7280:3460:1011/093823.140:ERROR:in_progress_cache_impl.cc(192)] Cache is not initialized, cannot RetrieveEntry.
10월 11, 2018 09:38:23.22 [7280:3460:1011/093823.140:ERROR:in_progress_cache_impl.cc(192)] Cache is not initialized, cannot RetrieveEntry.
10월 11, 2018 09:38:23.22 [7280:3460:1011/093823.140:ERROR:in_progress_cache_impl.cc(192)] Cache is not initialized, cannot RetrieveEntry.
10월 11, 2018 09:38:23.23 [7280:3460:1011/093823.140:ERROR:in_progress_cache_impl.cc(192)] Cache is not initialized, cannot RetrieveEntry.
10월 11, 2018 09:38:23.23 [7280:3460:1011/093823.140:ERROR:in_progress_cache_impl.cc(192)] Cache is not initialized, cannot RetrieveEntry.
10월 11, 2018 09:38:23.23 [7280:3460:1011/093823.140:ERROR:in_progress_cache_impl.cc(192)] Cache is not initialized, cannot RetrieveEntry.
10월 11, 2018 09:38:23.23 [7280:3460:1011/093823.140:ERROR:in_progress_cache_impl.cc(192)] Cache is not initialized, cannot RetrieveEntry.
10월 11, 2018 09:38:23.23 [7280:3460:1011/093823.140:ERROR:in_progress_cache_impl.cc(192)] Cache is not initialized, cannot RetrieveEntry.
10월 11, 2018 09:38:23.23 [7280:3460:1011/093823.140:ERROR:in_progress_cache_impl.cc(192)] Cache is not initialized, cannot RetrieveEntry.
10월 11, 2018 09:38:23.23 [7280:3460:1011/093823.187:ERROR:in_progress_cache_impl.cc(192)] Cache is not initialized, cannot RetrieveEntry.
10월 11, 2018 09:38:23.23 [7280:3460:1011/093823.187:ERROR:in_progress_cache_impl.cc(192)] Cache is not initialized, cannot RetrieveEntry.
10월 11, 2018 09:38:23.23 [7280:3460:1011/093823.187:ERROR:in_progress_cache_impl.cc(192)] Cache is not initialized, cannot RetrieveEntry.
10월 11, 2018 09:38:23.23 [7280:3460:1011/093823.187:ERROR:in_progress_cache_impl.cc(192)] Cache is not initialized, cannot RetrieveEntry.
10월 11, 2018 09:38:23.23 [7280:3460:1011/093823.187:ERROR:in_progress_cache_impl.cc(192)] Cache is not initialized, cannot RetrieveEntry.
10월 11, 2018 09:38:23.24 [7280:3460:1011/093823.187:ERROR:in_progress_cache_impl.cc(192)] Cache is not initialized, cannot RetrieveEntry.
10월 11, 2018 09:38:23.24 [7280:3460:1011/093823.187:ERROR:in_progress_cache_impl.cc(192)] Cache is not initialized, cannot RetrieveEntry.
10월 11, 2018 09:38:23.24 [7280:3460:1011/093823.187:ERROR:in_progress_cache_impl.cc(192)] Cache is not initialized, cannot RetrieveEntry.
10월 11, 2018 09:38:23.24 [7280:3460:1011/093823.187:ERROR:in_progress_cache_impl.cc(192)] Cache is not initialized, cannot RetrieveEntry.
10월 11, 2018 09:38:23.24 [7280:3460:1011/093823.187:ERROR:in_progress_cache_impl.cc(192)] Cache is not initialized, cannot RetrieveEntry.
10월 11, 2018 09:38:23.24 [7280:3460:1011/093823.187:ERROR:in_progress_cache_impl.cc(192)] Cache is not initialized, cannot RetrieveEntry.
10월 11, 2018 09:38:23.24 [7280:3460:1011/093823.187:ERROR:in_progress_cache_impl.cc(192)] Cache is not initialized, cannot RetrieveEntry.
10월 11, 2018 09:38:23.24 [7280:3460:1011/093823.187:ERROR:in_progress_cache_impl.cc(192)] Cache is not initialized, cannot RetrieveEntry.
10월 11, 2018 09:38:23.24 [7280:3460:1011/093823.187:ERROR:in_progress_cache_impl.cc(192)] Cache is not initialized, cannot RetrieveEntry.
10월 11, 2018 09:38:23.24 [7280:3460:1011/093823.187:ERROR:in_progress_cache_impl.cc(192)] Cache is not initialized, cannot RetrieveEntry.
10월 11, 2018 09:38:23.24 [7280:3460:1011/093823.187:ERROR:in_progress_cache_impl.cc(192)] Cache is not initialized, cannot RetrieveEntry.
10월 11, 2018 09:38:23.24 [7280:3460:1011/093823.187:ERROR:in_progress_cache_impl.cc(192)] Cache is not initialized, cannot RetrieveEntry.
10월 11, 2018 09:38:23.25 [7280:3460:1011/093823.187:ERROR:in_progress_cache_impl.cc(192)] Cache is not initialized, cannot RetrieveEntry.
10월 11, 2018 09:38:23.25 [7280:3460:1011/093823.187:ERROR:in_progress_cache_impl.cc(192)] Cache is not initialized, cannot RetrieveEntry.
10월 11, 2018 09:38:23.25 [7280:3460:1011/093823.187:ERROR:in_progress_cache_impl.cc(192)] Cache is not initialized, cannot RetrieveEntry.
10월 11, 2018 09:38:23.25 [7280:3460:1011/093823.187:ERROR:in_progress_cache_impl.cc(192)] Cache is not initialized, cannot RetrieveEntry.
10월 11, 2018 09:38:23.25 [7280:3460:1011/093823.187:ERROR:in_progress_cache_impl.cc(192)] Cache is not initialized, cannot RetrieveEntry.
10월 11, 2018 09:38:23.25 [7280:3460:1011/093823.187:ERROR:in_progress_cache_impl.cc(192)] Cache is not initialized, cannot RetrieveEntry.
10월 11, 2018 09:38:23.25 [7280:3460:1011/093823.187:ERROR:in_progress_cache_impl.cc(192)] Cache is not initialized, cannot RetrieveEntry.
10월 11, 2018 09:54:34.25 [7280:6900:1011/095434.259:ERROR:audio_manager_base.cc(366)] Invalid audio output parameters received; using fake audio path: format: 0 channel_layout: 0 channels: 0 sample_rate: 0 frames_per_buffer: 0 effects: 0 mic_positions: 

10월 31, 2018 17:44:12.74 NEW SESSION
10월 31, 2018 17:44:12.74 [5116:12040:1031/174412.731:ERROR:platform_sensor_reader_win.cc(242)] NOT IMPLEMENTED
10월 31, 2018 17:44:20.64 [5116:8200:1031/174420.649:ERROR:audio_manager_base.cc(362)] Invalid audio output parameters received; using fake audio path: format: 0 channel_layout: 0 channels: 0 sample_rate: 0 frames_per_buffer: 0 effects: 0 mic_positions: 
10월 31, 2018 17:54:52.59 [7628:11904:1031/175452.597:ERROR:extension_protocols.cc(565)] Allowing load of chrome-extension://gighmmpiobklfepjocnamgkkbiglidom/include.preload.js.mapfrom unknown origin. Could not find user data for request.
10월 31, 2018 17:54:52.59 [7628:11904:1031/175452.598:ERROR:extension_protocols.cc(565)] Allowing load of chrome-extension://gighmmpiobklfepjocnamgkkbiglidom/include.postload.js.mapfrom unknown origin. Could not find user data for request.
10월 31, 2018 17:56:41.29 [7628:11904:1031/175641.293:ERROR:extension_protocols.cc(565)] Allowing load of chrome-extension://gighmmpiobklfepjocnamgkkbiglidom/include.preload.js.mapfrom unknown origin. Could not find user data for request.
10월 31, 2018 17:56:41.31 [7628:11904:1031/175641.318:ERROR:extension_protocols.cc(565)] Allowing load of chrome-extension://gighmmpiobklfepjocnamgkkbiglidom/include.postload.js.mapfrom unknown origin. Could not find user data for request.
10월 31, 2018 17:56:57.62 [7628:11904:1031/175657.620:ERROR:extension_protocols.cc(565)] Allowing load of chrome-extension://gighmmpiobklfepjocnamgkkbiglidom/include.preload.js.mapfrom unknown origin. Could not find user data for request.
10월 31, 2018 17:56:57.63 [7628:11904:1031/175657.637:ERROR:extension_protocols.cc(565)] Allowing load of chrome-extension://gighmmpiobklfepjocnamgkkbiglidom/include.postload.js.mapfrom unknown origin. Could not find user data for request.
10월 31, 2018 17:57:35.56 [7628:11904:1031/175735.565:ERROR:extension_protocols.cc(565)] Allowing load of chrome-extension://gighmmpiobklfepjocnamgkkbiglidom/include.preload.js.mapfrom unknown origin. Could not find user data for request.
10월 31, 2018 17:57:35.57 [7628:11904:1031/175735.572:ERROR:extension_protocols.cc(565)] Allowing load of chrome-extension://gighmmpiobklfepjocnamgkkbiglidom/include.postload.js.mapfrom unknown origin. Could not find user data for request.
10월 31, 2018 17:57:43.14 [7628:11904:1031/175743.148:ERROR:extension_protocols.cc(565)] Allowing load of chrome-extension://gighmmpiobklfepjocnamgkkbiglidom/include.preload.js.mapfrom unknown origin. Could not find user data for request.
10월 31, 2018 17:57:43.17 [7628:11904:1031/175743.170:ERROR:extension_protocols.cc(565)] Allowing load of chrome-extension://gighmmpiobklfepjocnamgkkbiglidom/include.postload.js.mapfrom unknown origin. Could not find user data for request.
10월 31, 2018 17:58:26.65 [7628:11904:1031/175826.650:ERROR:extension_protocols.cc(565)] Allowing load of chrome-extension://gighmmpiobklfepjocnamgkkbiglidom/include.preload.js.mapfrom unknown origin. Could not find user data for request.
10월 31, 2018 17:58:26.66 [7628:11904:1031/175826.666:ERROR:extension_protocols.cc(565)] Allowing load of chrome-extension://gighmmpiobklfepjocnamgkkbiglidom/include.postload.js.mapfrom unknown origin. Could not find user data for request.
10월 31, 2018 17:58:37.23 [7628:11904:1031/175837.234:ERROR:extension_protocols.cc(565)] Allowing load of chrome-extension://gighmmpiobklfepjocnamgkkbiglidom/include.preload.js.mapfrom unknown origin. Could not find user data for request.
10월 31, 2018 17:58:37.25 [7628:11904:1031/175837.256:ERROR:extension_protocols.cc(565)] Allowing load of chrome-extension://gighmmpiobklfepjocnamgkkbiglidom/include.postload.js.mapfrom unknown origin. Could not find user data for request.
10월 31, 2018 17:59:21.14 [7628:11904:1031/175921.140:ERROR:extension_protocols.cc(565)] Allowing load of chrome-extension://gighmmpiobklfepjocnamgkkbiglidom/include.preload.js.mapfrom unknown origin. Could not find user data for request.
10월 31, 2018 17:59:21.17 [7628:11904:1031/175921.170:ERROR:extension_protocols.cc(565)] Allowing load of chrome-extension://gighmmpiobklfepjocnamgkkbiglidom/include.postload.js.mapfrom unknown origin. Could not find user data for request.
10월 31, 2018 18:20:12.85 [7148:800:1031/182012.853:ERROR:extension_protocols.cc(565)] Allowing load of chrome-extension://gighmmpiobklfepjocnamgkkbiglidom/include.preload.js.mapfrom unknown origin. Could not find user data for request.
10월 31, 2018 18:20:12.85 [7148:800:1031/182012.854:ERROR:extension_protocols.cc(565)] Allowing load of chrome-extension://gighmmpiobklfepjocnamgkkbiglidom/include.postload.js.mapfrom unknown origin. Could not find user data for request.
10월 31, 2018 18:20:58.40 [7148:800:1031/182058.405:ERROR:extension_protocols.cc(565)] Allowing load of chrome-extension://gighmmpiobklfepjocnamgkkbiglidom/include.preload.js.mapfrom unknown origin. Could not find user data for request.
10월 31, 2018 18:20:58.40 [7148:800:1031/182058.406:ERROR:extension_protocols.cc(565)] Allowing load of chrome-extension://gighmmpiobklfepjocnamgkkbiglidom/include.postload.js.mapfrom unknown origin. Could not find user data for request.
10월 31, 2018 18:21:15.82 [7148:800:1031/182115.823:ERROR:extension_protocols.cc(565)] Allowing load of chrome-extension://gighmmpiobklfepjocnamgkkbiglidom/include.preload.js.mapfrom unknown origin. Could not find user data for request.
10월 31, 2018 18:21:15.86 [7148:800:1031/182115.865:ERROR:extension_protocols.cc(565)] Allowing load of chrome-extension://gighmmpiobklfepjocnamgkkbiglidom/include.postload.js.mapfrom unknown origin. Could not find user data for request.
10월 31, 2018 18:25:12.11 [7148:800:1031/182512.110:ERROR:extension_protocols.cc(565)] Allowing load of chrome-extension://gighmmpiobklfepjocnamgkkbiglidom/include.preload.js.mapfrom unknown origin. Could not find user data for request.
10월 31, 2018 18:25:12.14 [7148:800:1031/182512.146:ERROR:extension_protocols.cc(565)] Allowing load of chrome-extension://gighmmpiobklfepjocnamgkkbiglidom/include.postload.js.mapfrom unknown origin. Could not find user data for request.
10월 31, 2018 18:25:43.57 [7148:800:1031/182543.576:ERROR:extension_protocols.cc(565)] Allowing load of chrome-extension://gighmmpiobklfepjocnamgkkbiglidom/include.preload.js.mapfrom unknown origin. Could not find user data for request.
10월 31, 2018 18:25:43.59 [7148:800:1031/182543.592:ERROR:extension_protocols.cc(565)] Allowing load of chrome-extension://gighmmpiobklfepjocnamgkkbiglidom/include.postload.js.mapfrom unknown origin. Could not find user data for request.
10월 31, 2018 18:25:53.93 [7148:800:1031/182553.932:ERROR:extension_protocols.cc(565)] Allowing load of chrome-extension://gighmmpiobklfepjocnamgkkbiglidom/include.preload.js.mapfrom unknown origin. Could not find user data for request.
10월 31, 2018 18:25:53.95 [7148:800:1031/182553.950:ERROR:extension_protocols.cc(565)] Allowing load of chrome-extension://gighmmpiobklfepjocnamgkkbiglidom/include.postload.js.mapfrom unknown origin. Could not find user data for request.
10월 31, 2018 18:26:04.68 [7148:800:1031/182604.683:ERROR:extension_protocols.cc(565)] Allowing load of chrome-extension://gighmmpiobklfepjocnamgkkbiglidom/include.preload.js.mapfrom unknown origin. Could not find user data for request.
10월 31, 2018 18:26:04.70 [7148:800:1031/182604.703:ERROR:extension_protocols.cc(565)] Allowing load of chrome-extension://gighmmpiobklfepjocnamgkkbiglidom/include.postload.js.mapfrom unknown origin. Could not find user data for request.
10월 31, 2018 18:26:26.04 [7148:800:1031/182626.043:ERROR:extension_protocols.cc(565)] Allowing load of chrome-extension://gighmmpiobklfepjocnamgkkbiglidom/include.preload.js.mapfrom unknown origin. Could not find user data for request.
10월 31, 2018 18:26:26.05 [7148:800:1031/182626.059:ERROR:extension_protocols.cc(565)] Allowing load of chrome-extension://gighmmpiobklfepjocnamgkkbiglidom/include.postload.js.mapfrom unknown origin. Could not find user data for request.
10월 31, 2018 18:26:36.65 [7148:800:1031/182636.652:ERROR:extension_protocols.cc(565)] Allowing load of chrome-extension://gighmmpiobklfepjocnamgkkbiglidom/include.preload.js.mapfrom unknown origin. Could not find user data for request.
10월 31, 2018 18:26:36.67 [7148:800:1031/182636.670:ERROR:extension_protocols.cc(565)] Allowing load of chrome-extension://gighmmpiobklfepjocnamgkkbiglidom/include.postload.js.mapfrom unknown origin. Could not find user data for request.
10월 31, 2018 18:32:00.97 [7148:800:1031/183200.969:ERROR:extension_protocols.cc(565)] Allowing load of chrome-extension://gighmmpiobklfepjocnamgkkbiglidom/include.preload.js.mapfrom unknown origin. Could not find user data for request.
10월 31, 2018 18:32:00.98 [7148:800:1031/183200.983:ERROR:extension_protocols.cc(565)] Allowing load of chrome-extension://gighmmpiobklfepjocnamgkkbiglidom/include.postload.js.mapfrom unknown origin. Could not find user data for request.
10월 31, 2018 18:32:42.65 [7148:800:1031/183242.658:ERROR:extension_protocols.cc(565)] Allowing load of chrome-extension://gighmmpiobklfepjocnamgkkbiglidom/include.preload.js.mapfrom unknown origin. Could not find user data for request.
10월 31, 2018 18:32:42.67 [7148:800:1031/183242.675:ERROR:extension_protocols.cc(565)] Allowing load of chrome-extension://gighmmpiobklfepjocnamgkkbiglidom/include.postload.js.mapfrom unknown origin. Could not find user data for request.
10월 31, 2018 18:36:24.60 [7148:800:1031/183624.603:ERROR:extension_protocols.cc(565)] Allowing load of chrome-extension://gighmmpiobklfepjocnamgkkbiglidom/include.preload.js.mapfrom unknown origin. Could not find user data for request.
10월 31, 2018 18:36:24.60 [7148:800:1031/183624.604:ERROR:extension_protocols.cc(565)] Allowing load of chrome-extension://gighmmpiobklfepjocnamgkkbiglidom/include.postload.js.mapfrom unknown origin. Could not find user data for request.
10월 31, 2018 19:07:52.50 [7148:800:1031/190752.506:ERROR:extension_protocols.cc(565)] Allowing load of chrome-extension://gighmmpiobklfepjocnamgkkbiglidom/include.preload.js.mapfrom unknown origin. Could not find user data for request.
10월 31, 2018 19:07:52.50 [7148:800:1031/190752.507:ERROR:extension_protocols.cc(565)] Allowing load of chrome-extension://gighmmpiobklfepjocnamgkkbiglidom/include.postload.js.mapfrom unknown origin. Could not find user data for request.
10월 31, 2018 19:08:45.73 [7148:800:1031/190845.735:ERROR:extension_protocols.cc(565)] Allowing load of chrome-extension://gighmmpiobklfepjocnamgkkbiglidom/include.preload.js.mapfrom unknown origin. Could not find user data for request.
10월 31, 2018 19:08:45.77 [7148:800:1031/190845.777:ERROR:extension_protocols.cc(565)] Allowing load of chrome-extension://gighmmpiobklfepjocnamgkkbiglidom/include.postload.js.mapfrom unknown origin. Could not find user data for request.
10월 31, 2018 19:09:05.59 [7148:800:1031/190905.595:ERROR:extension_protocols.cc(565)] Allowing load of chrome-extension://gighmmpiobklfepjocnamgkkbiglidom/include.preload.js.mapfrom unknown origin. Could not find user data for request.
10월 31, 2018 19:09:05.59 [7148:800:1031/190905.595:ERROR:extension_protocols.cc(565)] Allowing load of chrome-extension://gighmmpiobklfepjocnamgkkbiglidom/include.postload.js.mapfrom unknown origin. Could not find user data for request.
10월 31, 2018 19:09:50.30 [7148:800:1031/190950.306:ERROR:extension_protocols.cc(565)] Allowing load of chrome-extension://gighmmpiobklfepjocnamgkkbiglidom/include.preload.js.mapfrom unknown origin. Could not find user data for request.
10월 31, 2018 19:09:50.33 [7148:800:1031/190950.333:ERROR:extension_protocols.cc(565)] Allowing load of chrome-extension://gighmmpiobklfepjocnamgkkbiglidom/include.postload.js.mapfrom unknown origin. Could not find user data for request.
10월 31, 2018 19:10:34.66 [7148:800:1031/191034.662:ERROR:extension_protocols.cc(565)] Allowing load of chrome-extension://gighmmpiobklfepjocnamgkkbiglidom/include.preload.js.mapfrom unknown origin. Could not find user data for request.
10월 31, 2018 19:10:34.70 [7148:800:1031/191034.707:ERROR:extension_protocols.cc(565)] Allowing load of chrome-extension://gighmmpiobklfepjocnamgkkbiglidom/include.postload.js.mapfrom unknown origin. Could not find user data for request.
10월 31, 2018 19:11:30.45 [7148:800:1031/191130.458:ERROR:extension_protocols.cc(565)] Allowing load of chrome-extension://gighmmpiobklfepjocnamgkkbiglidom/include.preload.js.mapfrom unknown origin. Could not find user data for request.
10월 31, 2018 19:11:30.50 [7148:800:1031/191130.509:ERROR:extension_protocols.cc(565)] Allowing load of chrome-extension://gighmmpiobklfepjocnamgkkbiglidom/include.postload.js.mapfrom unknown origin. Could not find user data for request.
10월 31, 2018 19:12:09.99 [7148:800:1031/191209.991:ERROR:extension_protocols.cc(565)] Allowing load of chrome-extension://gighmmpiobklfepjocnamgkkbiglidom/include.preload.js.mapfrom unknown origin. Could not find user data for request.
10월 31, 2018 19:12:10.03 [7148:800:1031/191210.030:ERROR:extension_protocols.cc(565)] Allowing load of chrome-extension://gighmmpiobklfepjocnamgkkbiglidom/include.postload.js.mapfrom unknown origin. Could not find user data for request.
10월 31, 2018 19:12:22.14 [7148:800:1031/191222.142:ERROR:extension_protocols.cc(565)] Allowing load of chrome-extension://gighmmpiobklfepjocnamgkkbiglidom/include.preload.js.mapfrom unknown origin. Could not find user data for request.
10월 31, 2018 19:12:22.19 [7148:800:1031/191222.198:ERROR:extension_protocols.cc(565)] Allowing load of chrome-extension://gighmmpiobklfepjocnamgkkbiglidom/include.postload.js.mapfrom unknown origin. Could not find user data for request.
10월 31, 2018 19:12:49.21 [7148:800:1031/191249.213:ERROR:extension_protocols.cc(565)] Allowing load of chrome-extension://gighmmpiobklfepjocnamgkkbiglidom/include.preload.js.mapfrom unknown origin. Could not find user data for request.
10월 31, 2018 19:12:49.24 [7148:800:1031/191249.246:ERROR:extension_protocols.cc(565)] Allowing load of chrome-extension://gighmmpiobklfepjocnamgkkbiglidom/include.postload.js.mapfrom unknown origin. Could not find user data for request.
10월 31, 2018 19:16:12.87 [7148:800:1031/191612.875:ERROR:extension_protocols.cc(565)] Allowing load of chrome-extension://gighmmpiobklfepjocnamgkkbiglidom/include.preload.js.mapfrom unknown origin. Could not find user data for request.
10월 31, 2018 19:16:12.91 [7148:800:1031/191612.915:ERROR:extension_protocols.cc(565)] Allowing load of chrome-extension://gighmmpiobklfepjocnamgkkbiglidom/include.postload.js.mapfrom unknown origin. Could not find user data for request.
10월 31, 2018 19:19:44.45 [7148:800:1031/191944.452:ERROR:extension_protocols.cc(565)] Allowing load of chrome-extension://gighmmpiobklfepjocnamgkkbiglidom/include.preload.js.mapfrom unknown origin. Could not find user data for request.
10월 31, 2018 19:19:44.51 [7148:800:1031/191944.510:ERROR:extension_protocols.cc(565)] Allowing load of chrome-extension://gighmmpiobklfepjocnamgkkbiglidom/include.postload.js.mapfrom unknown origin. Could not find user data for request.
10월 31, 2018 19:20:05.99 [7148:800:1031/192005.993:ERROR:extension_protocols.cc(565)] Allowing load of chrome-extension://gighmmpiobklfepjocnamgkkbiglidom/include.preload.js.mapfrom unknown origin. Could not find user data for request.
10월 31, 2018 19:20:06.03 [7148:800:1031/192006.038:ERROR:extension_protocols.cc(565)] Allowing load of chrome-extension://gighmmpiobklfepjocnamgkkbiglidom/include.postload.js.mapfrom unknown origin. Could not find user data for request.
10월 31, 2018 19:20:13.87 [7148:800:1031/192013.877:ERROR:extension_protocols.cc(565)] Allowing load of chrome-extension://gighmmpiobklfepjocnamgkkbiglidom/include.preload.js.mapfrom unknown origin. Could not find user data for request.
10월 31, 2018 19:20:13.92 [7148:800:1031/192013.928:ERROR:extension_protocols.cc(565)] Allowing load of chrome-extension://gighmmpiobklfepjocnamgkkbiglidom/include.postload.js.mapfrom unknown origin. Could not find user data for request.
10월 31, 2018 20:52:44.42 [7148:800:1031/205244.424:ERROR:extension_protocols.cc(565)] Allowing load of chrome-extension://gighmmpiobklfepjocnamgkkbiglidom/include.preload.js.mapfrom unknown origin. Could not find user data for request.
10월 31, 2018 20:52:44.42 [7148:800:1031/205244.425:ERROR:extension_protocols.cc(565)] Allowing load of chrome-extension://gighmmpiobklfepjocnamgkkbiglidom/include.postload.js.mapfrom unknown origin. Could not find user data for request.
10월 31, 2018 20:52:46.41 [7148:800:1031/205246.416:ERROR:extension_protocols.cc(565)] Allowing load of chrome-extension://gighmmpiobklfepjocnamgkkbiglidom/include.preload.js.mapfrom unknown origin. Could not find user data for request.
10월 31, 2018 20:52:46.44 [7148:800:1031/205246.439:ERROR:extension_protocols.cc(565)] Allowing load of chrome-extension://gighmmpiobklfepjocnamgkkbiglidom/include.postload.js.mapfrom unknown origin. Could not find user data for request.
10월 31, 2018 20:57:34.36 [7148:800:1031/205734.364:ERROR:extension_protocols.cc(565)] Allowing load of chrome-extension://gighmmpiobklfepjocnamgkkbiglidom/include.preload.js.mapfrom unknown origin. Could not find user data for request.
10월 31, 2018 20:57:34.40 [7148:800:1031/205734.401:ERROR:extension_protocols.cc(565)] Allowing load of chrome-extension://gighmmpiobklfepjocnamgkkbiglidom/include.postload.js.mapfrom unknown origin. Could not find user data for request.
10월 31, 2018 20:57:56.45 [7148:800:1031/205756.451:ERROR:extension_protocols.cc(565)] Allowing load of chrome-extension://gighmmpiobklfepjocnamgkkbiglidom/include.preload.js.mapfrom unknown origin. Could not find user data for request.
10월 31, 2018 20:57:56.48 [7148:800:1031/205756.487:ERROR:extension_protocols.cc(565)] Allowing load of chrome-extension://gighmmpiobklfepjocnamgkkbiglidom/include.postload.js.mapfrom unknown origin. Could not find user data for request.
10월 31, 2018 20:58:37.38 [7148:800:1031/205837.380:ERROR:extension_protocols.cc(565)] Allowing load of chrome-extension://gighmmpiobklfepjocnamgkkbiglidom/include.preload.js.mapfrom unknown origin. Could not find user data for request.
10월 31, 2018 20:58:37.42 [7148:800:1031/205837.424:ERROR:extension_protocols.cc(565)] Allowing load of chrome-extension://gighmmpiobklfepjocnamgkkbiglidom/include.postload.js.mapfrom unknown origin. Could not find user data for request.
10월 31, 2018 20:59:44.54 [7148:800:1031/205944.545:ERROR:extension_protocols.cc(565)] Allowing load of chrome-extension://gighmmpiobklfepjocnamgkkbiglidom/include.preload.js.mapfrom unknown origin. Could not find user data for request.
10월 31, 2018 20:59:44.58 [7148:800:1031/205944.585:ERROR:extension_protocols.cc(565)] Allowing load of chrome-extension://gighmmpiobklfepjocnamgkkbiglidom/include.postload.js.mapfrom unknown origin. Could not find user data for request.

11월 01, 2018 09:02:03.58 NEW SESSION
11월 01, 2018 09:02:03.58 [5888:9404:1101/090203.565:ERROR:extension_protocols.cc(565)] Allowing load of chrome-extension://gighmmpiobklfepjocnamgkkbiglidom/include.preload.js.mapfrom unknown origin. Could not find user data for request.
11월 01, 2018 09:02:03.60 [5888:9404:1101/090203.567:ERROR:extension_protocols.cc(565)] Allowing load of chrome-extension://gighmmpiobklfepjocnamgkkbiglidom/include.postload.js.mapfrom unknown origin. Could not find user data for request.
11월 01, 2018 09:02:14.28 [5888:9404:1101/090214.289:ERROR:extension_protocols.cc(565)] Allowing load of chrome-extension://gighmmpiobklfepjocnamgkkbiglidom/include.preload.js.mapfrom unknown origin. Could not find user data for request.
11월 01, 2018 09:02:14.31 [5888:9404:1101/090214.310:ERROR:extension_protocols.cc(565)] Allowing load of chrome-extension://gighmmpiobklfepjocnamgkkbiglidom/include.postload.js.mapfrom unknown origin. Could not find user data for request.
11월 01, 2018 09:02:15.00 [5888:9404:1101/090215.000:ERROR:extension_protocols.cc(565)] Allowing load of chrome-extension://gighmmpiobklfepjocnamgkkbiglidom/include.preload.js.mapfrom unknown origin. Could not find user data for request.
11월 01, 2018 09:02:15.01 [5888:9404:1101/090215.015:ERROR:extension_protocols.cc(565)] Allowing load of chrome-extension://gighmmpiobklfepjocnamgkkbiglidom/include.postload.js.mapfrom unknown origin. Could not find user data for request.
11월 01, 2018 09:02:15.13 [5888:9404:1101/090215.130:ERROR:extension_protocols.cc(565)] Allowing load of chrome-extension://gighmmpiobklfepjocnamgkkbiglidom/include.preload.js.mapfrom unknown origin. Could not find user data for request.
11월 01, 2018 09:02:15.14 [5888:9404:1101/090215.145:ERROR:extension_protocols.cc(565)] Allowing load of chrome-extension://gighmmpiobklfepjocnamgkkbiglidom/include.postload.js.mapfrom unknown origin. Could not find user data for request.
11월 01, 2018 09:02:15.32 [5888:9404:1101/090215.329:ERROR:extension_protocols.cc(565)] Allowing load of chrome-extension://gighmmpiobklfepjocnamgkkbiglidom/include.preload.js.mapfrom unknown origin. Could not find user data for request.
11월 01, 2018 09:02:15.34 [5888:9404:1101/090215.344:ERROR:extension_protocols.cc(565)] Allowing load of chrome-extension://gighmmpiobklfepjocnamgkkbiglidom/include.postload.js.mapfrom unknown origin. Could not find user data for request.
11월 01, 2018 09:02:15.46 [5888:9404:1101/090215.461:ERROR:extension_protocols.cc(565)] Allowing load of chrome-extension://gighmmpiobklfepjocnamgkkbiglidom/include.preload.js.mapfrom unknown origin. Could not find user data for request.
11월 01, 2018 09:02:15.47 [5888:9404:1101/090215.476:ERROR:extension_protocols.cc(565)] Allowing load of chrome-extension://gighmmpiobklfepjocnamgkkbiglidom/include.postload.js.mapfrom unknown origin. Could not find user data for request.
11월 01, 2018 09:02:15.61 [5888:9404:1101/090215.609:ERROR:extension_protocols.cc(565)] Allowing load of chrome-extension://gighmmpiobklfepjocnamgkkbiglidom/include.preload.js.mapfrom unknown origin. Could not find user data for request.
11월 01, 2018 09:02:15.64 [5888:9404:1101/090215.639:ERROR:extension_protocols.cc(565)] Allowing load of chrome-extension://gighmmpiobklfepjocnamgkkbiglidom/include.postload.js.mapfrom unknown origin. Could not find user data for request.
11월 01, 2018 09:02:15.76 [5888:9404:1101/090215.768:ERROR:extension_protocols.cc(565)] Allowing load of chrome-extension://gighmmpiobklfepjocnamgkkbiglidom/include.preload.js.mapfrom unknown origin. Could not find user data for request.
11월 01, 2018 09:02:15.78 [5888:9404:1101/090215.781:ERROR:extension_protocols.cc(565)] Allowing load of chrome-extension://gighmmpiobklfepjocnamgkkbiglidom/include.postload.js.mapfrom unknown origin. Could not find user data for request.
11월 01, 2018 09:02:23.64 [5888:9404:1101/090223.648:ERROR:extension_protocols.cc(565)] Allowing load of chrome-extension://gighmmpiobklfepjocnamgkkbiglidom/include.preload.js.mapfrom unknown origin. Could not find user data for request.
11월 01, 2018 09:02:23.67 [5888:9404:1101/090223.672:ERROR:extension_protocols.cc(565)] Allowing load of chrome-extension://gighmmpiobklfepjocnamgkkbiglidom/include.postload.js.mapfrom unknown origin. Could not find user data for request.
11월 01, 2018 09:02:26.85 [5888:9404:1101/090226.857:ERROR:extension_protocols.cc(565)] Allowing load of chrome-extension://gighmmpiobklfepjocnamgkkbiglidom/include.preload.js.mapfrom unknown origin. Could not find user data for request.
11월 01, 2018 09:02:26.89 [5888:9404:1101/090226.895:ERROR:extension_protocols.cc(565)] Allowing load of chrome-extension://gighmmpiobklfepjocnamgkkbiglidom/include.postload.js.mapfrom unknown origin. Could not find user data for request.
11월 01, 2018 09:03:55.65 [5888:9404:1101/090355.651:ERROR:extension_protocols.cc(565)] Allowing load of chrome-extension://gighmmpiobklfepjocnamgkkbiglidom/include.preload.js.mapfrom unknown origin. Could not find user data for request.
11월 01, 2018 09:03:55.68 [5888:9404:1101/090355.687:ERROR:extension_protocols.cc(565)] Allowing load of chrome-extension://gighmmpiobklfepjocnamgkkbiglidom/include.postload.js.mapfrom unknown origin. Could not find user data for request.
11월 01, 2018 09:04:18.25 [5888:9404:1101/090418.251:ERROR:extension_protocols.cc(565)] Allowing load of chrome-extension://gighmmpiobklfepjocnamgkkbiglidom/include.preload.js.mapfrom unknown origin. Could not find user data for request.
11월 01, 2018 09:04:18.28 [5888:9404:1101/090418.288:ERROR:extension_protocols.cc(565)] Allowing load of chrome-extension://gighmmpiobklfepjocnamgkkbiglidom/include.postload.js.mapfrom unknown origin. Could not find user data for request.
11월 01, 2018 09:04:24.53 [5888:9404:1101/090424.531:ERROR:extension_protocols.cc(565)] Allowing load of chrome-extension://gighmmpiobklfepjocnamgkkbiglidom/include.preload.js.mapfrom unknown origin. Could not find user data for request.
11월 01, 2018 09:04:24.55 [5888:9404:1101/090424.552:ERROR:extension_protocols.cc(565)] Allowing load of chrome-extension://gighmmpiobklfepjocnamgkkbiglidom/include.postload.js.mapfrom unknown origin. Could not find user data for request.
11월 01, 2018 09:14:55.75 [7128:10060:1101/091455.757:ERROR:extension_protocols.cc(565)] Allowing load of chrome-extension://gighmmpiobklfepjocnamgkkbiglidom/include.preload.js.mapfrom unknown origin. Could not find user data for request.
11월 01, 2018 09:14:55.75 [7128:10060:1101/091455.758:ERROR:extension_protocols.cc(565)] Allowing load of chrome-extension://gighmmpiobklfepjocnamgkkbiglidom/include.postload.js.mapfrom unknown origin. Could not find user data for request.
11월 01, 2018 09:14:59.97 [7128:10060:1101/091459.971:ERROR:extension_protocols.cc(565)] Allowing load of chrome-extension://gighmmpiobklfepjocnamgkkbiglidom/include.preload.js.mapfrom unknown origin. Could not find user data for request.
11월 01, 2018 09:14:59.99 [7128:10060:1101/091459.994:ERROR:extension_protocols.cc(565)] Allowing load of chrome-extension://gighmmpiobklfepjocnamgkkbiglidom/include.postload.js.mapfrom unknown origin. Could not find user data for request.
11월 01, 2018 09:15:07.49 [7128:10060:1101/091507.499:ERROR:extension_protocols.cc(565)] Allowing load of chrome-extension://gighmmpiobklfepjocnamgkkbiglidom/include.preload.js.mapfrom unknown origin. Could not find user data for request.
11월 01, 2018 09:15:07.52 [7128:10060:1101/091507.525:ERROR:extension_protocols.cc(565)] Allowing load of chrome-extension://gighmmpiobklfepjocnamgkkbiglidom/include.postload.js.mapfrom unknown origin. Could not find user data for request.
11월 01, 2018 09:15:14.73 [7128:10060:1101/091514.737:ERROR:extension_protocols.cc(565)] Allowing load of chrome-extension://gighmmpiobklfepjocnamgkkbiglidom/include.preload.js.mapfrom unknown origin. Could not find user data for request.
11월 01, 2018 09:15:14.76 [7128:10060:1101/091514.762:ERROR:extension_protocols.cc(565)] Allowing load of chrome-extension://gighmmpiobklfepjocnamgkkbiglidom/include.postload.js.mapfrom unknown origin. Could not find user data for request.
11월 01, 2018 09:16:22.17 [7128:10060:1101/091622.179:ERROR:extension_protocols.cc(565)] Allowing load of chrome-extension://gighmmpiobklfepjocnamgkkbiglidom/include.preload.js.mapfrom unknown origin. Could not find user data for request.
11월 01, 2018 09:16:22.19 [7128:10060:1101/091622.198:ERROR:extension_protocols.cc(565)] Allowing load of chrome-extension://gighmmpiobklfepjocnamgkkbiglidom/include.postload.js.mapfrom unknown origin. Could not find user data for request.
11월 01, 2018 09:16:31.89 [7128:10060:1101/091631.899:ERROR:extension_protocols.cc(565)] Allowing load of chrome-extension://gighmmpiobklfepjocnamgkkbiglidom/include.preload.js.mapfrom unknown origin. Could not find user data for request.
11월 01, 2018 09:16:31.92 [7128:10060:1101/091631.926:ERROR:extension_protocols.cc(565)] Allowing load of chrome-extension://gighmmpiobklfepjocnamgkkbiglidom/include.postload.js.mapfrom unknown origin. Could not find user data for request.
11월 01, 2018 09:16:37.08 [7128:10060:1101/091637.083:ERROR:extension_protocols.cc(565)] Allowing load of chrome-extension://gighmmpiobklfepjocnamgkkbiglidom/include.preload.js.mapfrom unknown origin. Could not find user data for request.
11월 01, 2018 09:16:37.10 [7128:10060:1101/091637.108:ERROR:extension_protocols.cc(565)] Allowing load of chrome-extension://gighmmpiobklfepjocnamgkkbiglidom/include.postload.js.mapfrom unknown origin. Could not find user data for request.
11월 01, 2018 09:16:44.60 [7128:10060:1101/091644.600:ERROR:extension_protocols.cc(565)] Allowing load of chrome-extension://gighmmpiobklfepjocnamgkkbiglidom/include.preload.js.mapfrom unknown origin. Could not find user data for request.
11월 01, 2018 09:16:44.62 [7128:10060:1101/091644.625:ERROR:extension_protocols.cc(565)] Allowing load of chrome-extension://gighmmpiobklfepjocnamgkkbiglidom/include.postload.js.mapfrom unknown origin. Could not find user data for request.
11월 01, 2018 09:17:01.75 [7128:10060:1101/091701.757:ERROR:extension_protocols.cc(565)] Allowing load of chrome-extension://gighmmpiobklfepjocnamgkkbiglidom/include.preload.js.mapfrom unknown origin. Could not find user data for request.
11월 01, 2018 09:17:01.79 [7128:10060:1101/091701.791:ERROR:extension_protocols.cc(565)] Allowing load of chrome-extension://gighmmpiobklfepjocnamgkkbiglidom/include.postload.js.mapfrom unknown origin. Could not find user data for request.
11월 01, 2018 09:17:36.70 [7128:10060:1101/091736.705:ERROR:extension_protocols.cc(565)] Allowing load of chrome-extension://gighmmpiobklfepjocnamgkkbiglidom/include.preload.js.mapfrom unknown origin. Could not find user data for request.
11월 01, 2018 09:17:36.74 [7128:10060:1101/091736.741:ERROR:extension_protocols.cc(565)] Allowing load of chrome-extension://gighmmpiobklfepjocnamgkkbiglidom/include.postload.js.mapfrom unknown origin. Could not find user data for request.
11월 01, 2018 09:17:45.28 [7128:10060:1101/091745.282:ERROR:extension_protocols.cc(565)] Allowing load of chrome-extension://gighmmpiobklfepjocnamgkkbiglidom/include.preload.js.mapfrom unknown origin. Could not find user data for request.
11월 01, 2018 09:17:45.33 [7128:10060:1101/091745.338:ERROR:extension_protocols.cc(565)] Allowing load of chrome-extension://gighmmpiobklfepjocnamgkkbiglidom/include.postload.js.mapfrom unknown origin. Could not find user data for request.
11월 01, 2018 09:18:59.54 [7128:10060:1101/091859.542:ERROR:extension_protocols.cc(565)] Allowing load of chrome-extension://gighmmpiobklfepjocnamgkkbiglidom/include.preload.js.mapfrom unknown origin. Could not find user data for request.
11월 01, 2018 09:18:59.57 [7128:10060:1101/091859.578:ERROR:extension_protocols.cc(565)] Allowing load of chrome-extension://gighmmpiobklfepjocnamgkkbiglidom/include.postload.js.mapfrom unknown origin. Could not find user data for request.
11월 01, 2018 09:20:43.01 [7128:10060:1101/092043.014:ERROR:extension_protocols.cc(565)] Allowing load of chrome-extension://gighmmpiobklfepjocnamgkkbiglidom/include.preload.js.mapfrom unknown origin. Could not find user data for request.
11월 01, 2018 09:20:43.03 [7128:10060:1101/092043.039:ERROR:extension_protocols.cc(565)] Allowing load of chrome-extension://gighmmpiobklfepjocnamgkkbiglidom/include.postload.js.mapfrom unknown origin. Could not find user data for request.
11월 01, 2018 09:21:26.49 [7128:10060:1101/092126.493:ERROR:extension_protocols.cc(565)] Allowing load of chrome-extension://gighmmpiobklfepjocnamgkkbiglidom/include.preload.js.mapfrom unknown origin. Could not find user data for request.
11월 01, 2018 09:21:26.52 [7128:10060:1101/092126.529:ERROR:extension_protocols.cc(565)] Allowing load of chrome-extension://gighmmpiobklfepjocnamgkkbiglidom/include.postload.js.mapfrom unknown origin. Could not find user data for request.
11월 01, 2018 09:21:33.73 [7128:10060:1101/092133.733:ERROR:extension_protocols.cc(565)] Allowing load of chrome-extension://gighmmpiobklfepjocnamgkkbiglidom/include.preload.js.mapfrom unknown origin. Could not find user data for request.
11월 01, 2018 09:21:33.75 [7128:10060:1101/092133.758:ERROR:extension_protocols.cc(565)] Allowing load of chrome-extension://gighmmpiobklfepjocnamgkkbiglidom/include.postload.js.mapfrom unknown origin. Could not find user data for request.
11월 01, 2018 09:22:12.82 [7128:10060:1101/092212.825:ERROR:extension_protocols.cc(565)] Allowing load of chrome-extension://gighmmpiobklfepjocnamgkkbiglidom/include.preload.js.mapfrom unknown origin. Could not find user data for request.
11월 01, 2018 09:22:12.84 [7128:10060:1101/092212.840:ERROR:extension_protocols.cc(565)] Allowing load of chrome-extension://gighmmpiobklfepjocnamgkkbiglidom/include.postload.js.mapfrom unknown origin. Could not find user data for request.
11월 01, 2018 09:22:17.89 [7128:10060:1101/092217.892:ERROR:extension_protocols.cc(565)] Allowing load of chrome-extension://gighmmpiobklfepjocnamgkkbiglidom/include.preload.js.mapfrom unknown origin. Could not find user data for request.
11월 01, 2018 09:22:17.93 [7128:10060:1101/092217.937:ERROR:extension_protocols.cc(565)] Allowing load of chrome-extension://gighmmpiobklfepjocnamgkkbiglidom/include.postload.js.mapfrom unknown origin. Could not find user data for request.
11월 01, 2018 09:24:12.70 [7128:10060:1101/092412.705:ERROR:extension_protocols.cc(565)] Allowing load of chrome-extension://gighmmpiobklfepjocnamgkkbiglidom/include.preload.js.mapfrom unknown origin. Could not find user data for request.
11월 01, 2018 09:24:12.73 [7128:10060:1101/092412.731:ERROR:extension_protocols.cc(565)] Allowing load of chrome-extension://gighmmpiobklfepjocnamgkkbiglidom/include.postload.js.mapfrom unknown origin. Could not find user data for request.
11월 01, 2018 09:24:20.93 [7128:10060:1101/092420.934:ERROR:extension_protocols.cc(565)] Allowing load of chrome-extension://gighmmpiobklfepjocnamgkkbiglidom/include.preload.js.mapfrom unknown origin. Could not find user data for request.
11월 01, 2018 09:24:20.95 [7128:10060:1101/092420.958:ERROR:extension_protocols.cc(565)] Allowing load of chrome-extension://gighmmpiobklfepjocnamgkkbiglidom/include.postload.js.mapfrom unknown origin. Could not find user data for request.
11월 01, 2018 09:24:28.11 [7128:10060:1101/092428.110:ERROR:extension_protocols.cc(565)] Allowing load of chrome-extension://gighmmpiobklfepjocnamgkkbiglidom/include.preload.js.mapfrom unknown origin. Could not find user data for request.
11월 01, 2018 09:24:28.13 [7128:10060:1101/092428.136:ERROR:extension_protocols.cc(565)] Allowing load of chrome-extension://gighmmpiobklfepjocnamgkkbiglidom/include.postload.js.mapfrom unknown origin. Could not find user data for request.
11월 01, 2018 09:24:51.71 [7128:10060:1101/092451.711:ERROR:extension_protocols.cc(565)] Allowing load of chrome-extension://gighmmpiobklfepjocnamgkkbiglidom/include.preload.js.mapfrom unknown origin. Could not find user data for request.
11월 01, 2018 09:24:51.73 [7128:10060:1101/092451.735:ERROR:extension_protocols.cc(565)] Allowing load of chrome-extension://gighmmpiobklfepjocnamgkkbiglidom/include.postload.js.mapfrom unknown origin. Could not find user data for request.
11월 01, 2018 09:25:02.35 [7128:10060:1101/092502.358:ERROR:extension_protocols.cc(565)] Allowing load of chrome-extension://gighmmpiobklfepjocnamgkkbiglidom/include.preload.js.mapfrom unknown origin. Could not find user data for request.
11월 01, 2018 09:25:02.40 [7128:10060:1101/092502.400:ERROR:extension_protocols.cc(565)] Allowing load of chrome-extension://gighmmpiobklfepjocnamgkkbiglidom/include.postload.js.mapfrom unknown origin. Could not find user data for request.
11월 01, 2018 09:28:11.82 [7128:10060:1101/092811.824:ERROR:extension_protocols.cc(565)] Allowing load of chrome-extension://gighmmpiobklfepjocnamgkkbiglidom/include.preload.js.mapfrom unknown origin. Could not find user data for request.
11월 01, 2018 09:28:11.85 [7128:10060:1101/092811.850:ERROR:extension_protocols.cc(565)] Allowing load of chrome-extension://gighmmpiobklfepjocnamgkkbiglidom/include.postload.js.mapfrom unknown origin. Could not find user data for request.
11월 01, 2018 09:28:17.07 [7128:10060:1101/092817.073:ERROR:extension_protocols.cc(565)] Allowing load of chrome-extension://gighmmpiobklfepjocnamgkkbiglidom/include.preload.js.mapfrom unknown origin. Could not find user data for request.
11월 01, 2018 09:28:17.10 [7128:10060:1101/092817.108:ERROR:extension_protocols.cc(565)] Allowing load of chrome-extension://gighmmpiobklfepjocnamgkkbiglidom/include.postload.js.mapfrom unknown origin. Could not find user data for request.
11월 01, 2018 09:28:23.02 [7128:10060:1101/092823.026:ERROR:extension_protocols.cc(565)] Allowing load of chrome-extension://gighmmpiobklfepjocnamgkkbiglidom/include.preload.js.mapfrom unknown origin. Could not find user data for request.
11월 01, 2018 09:28:23.05 [7128:10060:1101/092823.051:ERROR:extension_protocols.cc(565)] Allowing load of chrome-extension://gighmmpiobklfepjocnamgkkbiglidom/include.postload.js.mapfrom unknown origin. Could not find user data for request.
11월 01, 2018 09:28:28.83 [7128:10060:1101/092828.838:ERROR:extension_protocols.cc(565)] Allowing load of chrome-extension://gighmmpiobklfepjocnamgkkbiglidom/include.preload.js.mapfrom unknown origin. Could not find user data for request.
11월 01, 2018 09:28:28.87 [7128:10060:1101/092828.877:ERROR:extension_protocols.cc(565)] Allowing load of chrome-extension://gighmmpiobklfepjocnamgkkbiglidom/include.postload.js.mapfrom unknown origin. Could not find user data for request.
11월 01, 2018 09:28:29.05 [7128:10060:1101/092829.055:ERROR:extension_protocols.cc(565)] Allowing load of chrome-extension://gighmmpiobklfepjocnamgkkbiglidom/include.preload.js.mapfrom unknown origin. Could not find user data for request.
11월 01, 2018 09:28:29.08 [7128:10060:1101/092829.082:ERROR:extension_protocols.cc(565)] Allowing load of chrome-extension://gighmmpiobklfepjocnamgkkbiglidom/include.postload.js.mapfrom unknown origin. Could not find user data for request.
11월 01, 2018 09:29:22.49 [7128:10060:1101/092922.498:ERROR:extension_protocols.cc(565)] Allowing load of chrome-extension://gighmmpiobklfepjocnamgkkbiglidom/include.preload.js.mapfrom unknown origin. Could not find user data for request.
11월 01, 2018 09:29:22.51 [7128:10060:1101/092922.513:ERROR:extension_protocols.cc(565)] Allowing load of chrome-extension://gighmmpiobklfepjocnamgkkbiglidom/include.postload.js.mapfrom unknown origin. Could not find user data for request.
11월 01, 2018 09:29:35.24 [7128:10060:1101/092935.241:ERROR:extension_protocols.cc(565)] Allowing load of chrome-extension://gighmmpiobklfepjocnamgkkbiglidom/include.preload.js.mapfrom unknown origin. Could not find user data for request.
11월 01, 2018 09:29:35.28 [7128:10060:1101/092935.280:ERROR:extension_protocols.cc(565)] Allowing load of chrome-extension://gighmmpiobklfepjocnamgkkbiglidom/include.postload.js.mapfrom unknown origin. Could not find user data for request.
11월 01, 2018 09:30:17.19 [7128:10060:1101/093017.194:ERROR:extension_protocols.cc(565)] Allowing load of chrome-extension://gighmmpiobklfepjocnamgkkbiglidom/include.preload.js.mapfrom unknown origin. Could not find user data for request.
11월 01, 2018 09:30:17.24 [7128:10060:1101/093017.239:ERROR:extension_protocols.cc(565)] Allowing load of chrome-extension://gighmmpiobklfepjocnamgkkbiglidom/include.postload.js.mapfrom unknown origin. Could not find user data for request.
11월 01, 2018 09:30:23.82 [7128:10060:1101/093023.821:ERROR:extension_protocols.cc(565)] Allowing load of chrome-extension://gighmmpiobklfepjocnamgkkbiglidom/include.preload.js.mapfrom unknown origin. Could not find user data for request.
11월 01, 2018 09:30:23.85 [7128:10060:1101/093023.852:ERROR:extension_protocols.cc(565)] Allowing load of chrome-extension://gighmmpiobklfepjocnamgkkbiglidom/include.postload.js.mapfrom unknown origin. Could not find user data for request.
11월 01, 2018 09:30:29.33 [7128:10060:1101/093029.329:ERROR:extension_protocols.cc(565)] Allowing load of chrome-extension://gighmmpiobklfepjocnamgkkbiglidom/include.preload.js.mapfrom unknown origin. Could not find user data for request.
11월 01, 2018 09:30:29.35 [7128:10060:1101/093029.354:ERROR:extension_protocols.cc(565)] Allowing load of chrome-extension://gighmmpiobklfepjocnamgkkbiglidom/include.postload.js.mapfrom unknown origin. Could not find user data for request.
11월 01, 2018 09:30:33.38 [7128:10060:1101/093033.380:ERROR:extension_protocols.cc(565)] Allowing load of chrome-extension://gighmmpiobklfepjocnamgkkbiglidom/include.preload.js.mapfrom unknown origin. Could not find user data for request.
11월 01, 2018 09:30:33.40 [7128:10060:1101/093033.405:ERROR:extension_protocols.cc(565)] Allowing load of chrome-extension://gighmmpiobklfepjocnamgkkbiglidom/include.postload.js.mapfrom unknown origin. Could not find user data for request.
11월 01, 2018 09:30:45.04 [7128:10060:1101/093045.047:ERROR:extension_protocols.cc(565)] Allowing load of chrome-extension://gighmmpiobklfepjocnamgkkbiglidom/include.preload.js.mapfrom unknown origin. Could not find user data for request.
11월 01, 2018 09:30:45.07 [7128:10060:1101/093045.071:ERROR:extension_protocols.cc(565)] Allowing load of chrome-extension://gighmmpiobklfepjocnamgkkbiglidom/include.postload.js.mapfrom unknown origin. Could not find user data for request.
11월 01, 2018 09:30:53.40 [7128:10060:1101/093053.404:ERROR:extension_protocols.cc(565)] Allowing load of chrome-extension://gighmmpiobklfepjocnamgkkbiglidom/include.preload.js.mapfrom unknown origin. Could not find user data for request.
11월 01, 2018 09:30:53.43 [7128:10060:1101/093053.430:ERROR:extension_protocols.cc(565)] Allowing load of chrome-extension://gighmmpiobklfepjocnamgkkbiglidom/include.postload.js.mapfrom unknown origin. Could not find user data for request.
11월 01, 2018 09:33:04.41 [7128:10060:1101/093304.416:ERROR:extension_protocols.cc(565)] Allowing load of chrome-extension://gighmmpiobklfepjocnamgkkbiglidom/include.preload.js.mapfrom unknown origin. Could not find user data for request.
11월 01, 2018 09:33:04.44 [7128:10060:1101/093304.444:ERROR:extension_protocols.cc(565)] Allowing load of chrome-extension://gighmmpiobklfepjocnamgkkbiglidom/include.postload.js.mapfrom unknown origin. Could not find user data for request.
11월 01, 2018 09:33:12.18 [7128:10060:1101/093312.183:ERROR:extension_protocols.cc(565)] Allowing load of chrome-extension://gighmmpiobklfepjocnamgkkbiglidom/include.preload.js.mapfrom unknown origin. Could not find user data for request.
11월 01, 2018 09:33:12.21 [7128:10060:1101/093312.211:ERROR:extension_protocols.cc(565)] Allowing load of chrome-extension://gighmmpiobklfepjocnamgkkbiglidom/include.postload.js.mapfrom unknown origin. Could not find user data for request.
11월 01, 2018 09:33:22.03 [7128:10060:1101/093322.036:ERROR:extension_protocols.cc(565)] Allowing load of chrome-extension://gighmmpiobklfepjocnamgkkbiglidom/include.preload.js.mapfrom unknown origin. Could not find user data for request.
11월 01, 2018 09:33:22.05 [7128:10060:1101/093322.054:ERROR:extension_protocols.cc(565)] Allowing load of chrome-extension://gighmmpiobklfepjocnamgkkbiglidom/include.postload.js.mapfrom unknown origin. Could not find user data for request.
11월 01, 2018 09:33:26.83 [7128:10060:1101/093326.837:ERROR:extension_protocols.cc(565)] Allowing load of chrome-extension://gighmmpiobklfepjocnamgkkbiglidom/include.preload.js.mapfrom unknown origin. Could not find user data for request.
11월 01, 2018 09:33:26.87 [7128:10060:1101/093326.879:ERROR:extension_protocols.cc(565)] Allowing load of chrome-extension://gighmmpiobklfepjocnamgkkbiglidom/include.postload.js.mapfrom unknown origin. Could not find user data for request.
11월 01, 2018 09:33:38.47 [7128:10060:1101/093338.476:ERROR:extension_protocols.cc(565)] Allowing load of chrome-extension://gighmmpiobklfepjocnamgkkbiglidom/include.preload.js.mapfrom unknown origin. Could not find user data for request.
11월 01, 2018 09:33:38.50 [7128:10060:1101/093338.504:ERROR:extension_protocols.cc(565)] Allowing load of chrome-extension://gighmmpiobklfepjocnamgkkbiglidom/include.postload.js.mapfrom unknown origin. Could not find user data for request.
11월 01, 2018 09:35:15.57 [11984:11900:1101/093515.579:ERROR:extension_protocols.cc(565)] Allowing load of chrome-extension://gighmmpiobklfepjocnamgkkbiglidom/include.preload.js.mapfrom unknown origin. Could not find user data for request.
11월 01, 2018 09:35:15.58 [11984:11900:1101/093515.580:ERROR:extension_protocols.cc(565)] Allowing load of chrome-extension://gighmmpiobklfepjocnamgkkbiglidom/include.postload.js.mapfrom unknown origin. Could not find user data for request.
11월 01, 2018 09:35:39.49 [11984:11900:1101/093539.498:ERROR:extension_protocols.cc(565)] Allowing load of chrome-extension://gighmmpiobklfepjocnamgkkbiglidom/include.preload.js.mapfrom unknown origin. Could not find user data for request.
11월 01, 2018 09:35:39.50 [11984:11900:1101/093539.502:ERROR:extension_protocols.cc(565)] Allowing load of chrome-extension://gighmmpiobklfepjocnamgkkbiglidom/include.postload.js.mapfrom unknown origin. Could not find user data for request.
11월 01, 2018 09:35:59.71 [11984:11900:1101/093559.715:ERROR:extension_protocols.cc(565)] Allowing load of chrome-extension://gighmmpiobklfepjocnamgkkbiglidom/include.preload.js.mapfrom unknown origin. Could not find user data for request.
11월 01, 2018 09:35:59.74 [11984:11900:1101/093559.741:ERROR:extension_protocols.cc(565)] Allowing load of chrome-extension://gighmmpiobklfepjocnamgkkbiglidom/include.postload.js.mapfrom unknown origin. Could not find user data for request.
11월 01, 2018 09:36:04.70 [11984:11900:1101/093604.709:ERROR:extension_protocols.cc(565)] Allowing load of chrome-extension://gighmmpiobklfepjocnamgkkbiglidom/include.preload.js.mapfrom unknown origin. Could not find user data for request.
11월 01, 2018 09:36:04.73 [11984:11900:1101/093604.735:ERROR:extension_protocols.cc(565)] Allowing load of chrome-extension://gighmmpiobklfepjocnamgkkbiglidom/include.postload.js.mapfrom unknown origin. Could not find user data for request.
11월 01, 2018 09:37:34.65 [11984:11900:1101/093734.657:ERROR:extension_protocols.cc(565)] Allowing load of chrome-extension://gighmmpiobklfepjocnamgkkbiglidom/include.preload.js.mapfrom unknown origin. Could not find user data for request.
11월 01, 2018 09:37:34.68 [11984:11900:1101/093734.686:ERROR:extension_protocols.cc(565)] Allowing load of chrome-extension://gighmmpiobklfepjocnamgkkbiglidom/include.postload.js.mapfrom unknown origin. Could not find user data for request.
11월 01, 2018 09:37:35.10 [11984:11900:1101/093735.107:ERROR:extension_protocols.cc(565)] Allowing load of chrome-extension://gighmmpiobklfepjocnamgkkbiglidom/include.preload.js.mapfrom unknown origin. Could not find user data for request.
11월 01, 2018 09:37:35.13 [11984:11900:1101/093735.134:ERROR:extension_protocols.cc(565)] Allowing load of chrome-extension://gighmmpiobklfepjocnamgkkbiglidom/include.postload.js.mapfrom unknown origin. Could not find user data for request.
11월 01, 2018 09:37:35.30 [11984:11900:1101/093735.302:ERROR:extension_protocols.cc(565)] Allowing load of chrome-extension://gighmmpiobklfepjocnamgkkbiglidom/include.preload.js.mapfrom unknown origin. Could not find user data for request.
11월 01, 2018 09:37:35.31 [11984:11900:1101/093735.318:ERROR:extension_protocols.cc(565)] Allowing load of chrome-extension://gighmmpiobklfepjocnamgkkbiglidom/include.postload.js.mapfrom unknown origin. Could not find user data for request.
11월 01, 2018 09:39:10.41 [11984:11900:1101/093910.414:ERROR:extension_protocols.cc(565)] Allowing load of chrome-extension://gighmmpiobklfepjocnamgkkbiglidom/include.preload.js.mapfrom unknown origin. Could not find user data for request.
11월 01, 2018 09:39:10.44 [11984:11900:1101/093910.442:ERROR:extension_protocols.cc(565)] Allowing load of chrome-extension://gighmmpiobklfepjocnamgkkbiglidom/include.postload.js.mapfrom unknown origin. Could not find user data for request.
11월 01, 2018 09:45:59.07 [11984:11900:1101/094559.070:ERROR:extension_protocols.cc(565)] Allowing load of chrome-extension://gighmmpiobklfepjocnamgkkbiglidom/include.preload.js.mapfrom unknown origin. Could not find user data for request.
11월 01, 2018 09:45:59.07 [11984:11900:1101/094559.070:ERROR:extension_protocols.cc(565)] Allowing load of chrome-extension://gighmmpiobklfepjocnamgkkbiglidom/include.postload.js.mapfrom unknown origin. Could not find user data for request.
11월 01, 2018 09:47:24.71 [11984:11900:1101/094724.710:ERROR:extension_protocols.cc(565)] Allowing load of chrome-extension://gighmmpiobklfepjocnamgkkbiglidom/include.preload.js.mapfrom unknown origin. Could not find user data for request.
11월 01, 2018 09:47:24.72 [11984:11900:1101/094724.724:ERROR:extension_protocols.cc(565)] Allowing load of chrome-extension://gighmmpiobklfepjocnamgkkbiglidom/include.postload.js.mapfrom unknown origin. Could not find user data for request.
11월 01, 2018 09:47:33.19 [11984:11900:1101/094733.193:ERROR:extension_protocols.cc(565)] Allowing load of chrome-extension://gighmmpiobklfepjocnamgkkbiglidom/include.preload.js.mapfrom unknown origin. Could not find user data for request.
11월 01, 2018 09:47:33.22 [11984:11900:1101/094733.221:ERROR:extension_protocols.cc(565)] Allowing load of chrome-extension://gighmmpiobklfepjocnamgkkbiglidom/include.postload.js.mapfrom unknown origin. Could not find user data for request.
11월 01, 2018 09:47:42.48 [11984:11900:1101/094742.485:ERROR:extension_protocols.cc(565)] Allowing load of chrome-extension://gighmmpiobklfepjocnamgkkbiglidom/include.preload.js.mapfrom unknown origin. Could not find user data for request.
11월 01, 2018 09:47:42.50 [11984:11900:1101/094742.507:ERROR:extension_protocols.cc(565)] Allowing load of chrome-extension://gighmmpiobklfepjocnamgkkbiglidom/include.postload.js.mapfrom unknown origin. Could not find user data for request.
11월 01, 2018 09:47:48.70 [11984:11900:1101/094748.701:ERROR:extension_protocols.cc(565)] Allowing load of chrome-extension://gighmmpiobklfepjocnamgkkbiglidom/include.preload.js.mapfrom unknown origin. Could not find user data for request.
11월 01, 2018 09:47:48.72 [11984:11900:1101/094748.728:ERROR:extension_protocols.cc(565)] Allowing load of chrome-extension://gighmmpiobklfepjocnamgkkbiglidom/include.postload.js.mapfrom unknown origin. Could not find user data for request.

11월 01, 2018 19:11:21.05 NEW SESSION
11월 01, 2018 19:11:21.05 [9968:6648:1101/191121.053:ERROR:extension_protocols.cc(565)] Allowing load of chrome-extension://gighmmpiobklfepjocnamgkkbiglidom/include.preload.js.mapfrom unknown origin. Could not find user data for request.
11월 01, 2018 19:11:21.05 [9968:6648:1101/191121.054:ERROR:extension_protocols.cc(565)] Allowing load of chrome-extension://gighmmpiobklfepjocnamgkkbiglidom/include.postload.js.mapfrom unknown origin. Could not find user data for request.
11월 01, 2018 19:11:35.89 [9968:6648:1101/191135.892:ERROR:extension_protocols.cc(565)] Allowing load of chrome-extension://gighmmpiobklfepjocnamgkkbiglidom/include.preload.js.mapfrom unknown origin. Could not find user data for request.
11월 01, 2018 19:11:35.89 [9968:6648:1101/191135.893:ERROR:extension_protocols.cc(565)] Allowing load of chrome-extension://gighmmpiobklfepjocnamgkkbiglidom/include.postload.js.mapfrom unknown origin. Could not find user data for request.

11월 05, 2018 21:31:14.76 NEW SESSION
11월 05, 2018 21:31:14.76 [5508:12384:1105/213114.756:ERROR:extension_protocols.cc(565)] Allowing load of chrome-extension://gighmmpiobklfepjocnamgkkbiglidom/include.preload.js.mapfrom unknown origin. Could not find user data for request.
11월 05, 2018 21:31:14.76 [5508:12384:1105/213114.758:ERROR:extension_protocols.cc(565)] Allowing load of chrome-extension://gighmmpiobklfepjocnamgkkbiglidom/include.postload.js.mapfrom unknown origin. Could not find user data for request.
11월 05, 2018 21:33:36.12 [5508:12384:1105/213336.121:ERROR:extension_protocols.cc(565)] Allowing load of chrome-extension://gighmmpiobklfepjocnamgkkbiglidom/include.preload.js.mapfrom unknown origin. Could not find user data for request.
11월 05, 2018 21:33:36.18 [5508:12384:1105/213336.179:ERROR:extension_protocols.cc(565)] Allowing load of chrome-extension://gighmmpiobklfepjocnamgkkbiglidom/include.postload.js.mapfrom unknown origin. Could not find user data for request.
11월 05, 2018 21:33:44.28 [5508:12384:1105/213344.284:ERROR:extension_protocols.cc(565)] Allowing load of chrome-extension://gighmmpiobklfepjocnamgkkbiglidom/include.preload.js.mapfrom unknown origin. Could not find user data for request.
11월 05, 2018 21:33:44.31 [5508:12384:1105/213344.313:ERROR:extension_protocols.cc(565)] Allowing load of chrome-extension://gighmmpiobklfepjocnamgkkbiglidom/include.postload.js.mapfrom unknown origin. Could not find user data for request.
11월 05, 2018 21:33:56.35 [5508:10952:1105/213356.356:ERROR:textfield.cc(1767)] NOT IMPLEMENTED
11월 05, 2018 21:34:04.78 [5508:12384:1105/213404.783:ERROR:extension_protocols.cc(565)] Allowing load of chrome-extension://gighmmpiobklfepjocnamgkkbiglidom/include.preload.js.mapfrom unknown origin. Could not find user data for request.
11월 05, 2018 21:34:04.80 [5508:12384:1105/213404.804:ERROR:extension_protocols.cc(565)] Allowing load of chrome-extension://gighmmpiobklfepjocnamgkkbiglidom/include.postload.js.mapfrom unknown origin. Could not find user data for request.
11월 05, 2018 21:34:09.81 [5508:12384:1105/213409.819:ERROR:extension_protocols.cc(565)] Allowing load of chrome-extension://gighmmpiobklfepjocnamgkkbiglidom/include.preload.js.mapfrom unknown origin. Could not find user data for request.
11월 05, 2018 21:34:09.84 [5508:12384:1105/213409.842:ERROR:extension_protocols.cc(565)] Allowing load of chrome-extension://gighmmpiobklfepjocnamgkkbiglidom/include.postload.js.mapfrom unknown origin. Could not find user data for request.

11월 07, 2018 14:26:37.33 NEW SESSION
11월 07, 2018 14:26:37.33 [228:7464:1107/142637.324:ERROR:audio_manager_base.cc(362)] Invalid audio output parameters received; using fake audio path: format: 0 channel_layout: 0 channels: 0 sample_rate: 0 frames_per_buffer: 0 effects: 0 mic_positions: 

11월 13, 2018 20:54:52.32 NEW SESSION
11월 13, 2018 20:54:52.32 [13240:13816:1113/205452.315:ERROR:extension_protocols.cc(565)] Allowing load of chrome-extension://gighmmpiobklfepjocnamgkkbiglidom/include.preload.js.mapfrom unknown origin. Could not find user data for request.
11월 13, 2018 20:54:52.32 [13240:13816:1113/205452.316:ERROR:extension_protocols.cc(565)] Allowing load of chrome-extension://gighmmpiobklfepjocnamgkkbiglidom/include.postload.js.mapfrom unknown origin. Could not find user data for request.
11월 13, 2018 20:55:05.36 [13240:13816:1113/205505.365:ERROR:extension_protocols.cc(565)] Allowing load of chrome-extension://gighmmpiobklfepjocnamgkkbiglidom/include.preload.js.mapfrom unknown origin. Could not find user data for request.
11월 13, 2018 20:55:05.40 [13240:13816:1113/205505.405:ERROR:extension_protocols.cc(565)] Allowing load of chrome-extension://gighmmpiobklfepjocnamgkkbiglidom/include.postload.js.mapfrom unknown origin. Could not find user data for request.
11월 13, 2018 20:55:44.70 [13240:13816:1113/205544.707:ERROR:extension_protocols.cc(565)] Allowing load of chrome-extension://gighmmpiobklfepjocnamgkkbiglidom/include.preload.js.mapfrom unknown origin. Could not find user data for request.
11월 13, 2018 20:55:44.74 [13240:13816:1113/205544.742:ERROR:extension_protocols.cc(565)] Allowing load of chrome-extension://gighmmpiobklfepjocnamgkkbiglidom/include.postload.js.mapfrom unknown origin. Could not find user data for request.
11월 13, 2018 20:57:49.68 [13240:13816:1113/205749.686:ERROR:extension_protocols.cc(565)] Allowing load of chrome-extension://gighmmpiobklfepjocnamgkkbiglidom/include.preload.js.mapfrom unknown origin. Could not find user data for request.
11월 13, 2018 20:57:49.72 [13240:13816:1113/205749.720:ERROR:extension_protocols.cc(565)] Allowing load of chrome-extension://gighmmpiobklfepjocnamgkkbiglidom/include.postload.js.mapfrom unknown origin. Could not find user data for request.

11월 14, 2018 14:03:06.52 NEW SESSION
11월 14, 2018 14:03:06.52 [1296:10492:1114/140306.510:ERROR:extension_protocols.cc(565)] Allowing load of chrome-extension://gighmmpiobklfepjocnamgkkbiglidom/include.preload.js.mapfrom unknown origin. Could not find user data for request.
11월 14, 2018 14:03:06.52 [1296:10492:1114/140306.510:ERROR:extension_protocols.cc(565)] Allowing load of chrome-extension://gighmmpiobklfepjocnamgkkbiglidom/include.postload.js.mapfrom unknown origin. Could not find user data for request.
